\BOOKMARK [1][-]{section.1}{\376\377\000A\000i\000m}{}% 1
\BOOKMARK [1][-]{section.2}{\376\377\000O\000b\000j\000e\000c\000t\000i\000v\000e\000s}{}% 2
\BOOKMARK [1][-]{section.3}{\376\377\000P\000r\000o\000b\000l\000e\000m\000\040\000S\000t\000a\000t\000e\000m\000e\000n\000t}{}% 3
\BOOKMARK [1][-]{section.4}{\376\377\000T\000h\000e\000o\000r\000y}{}% 4
\BOOKMARK [2][-]{subsection.4.1}{\376\377\000R\000e\000a\000c\000t}{section.4}% 5
\BOOKMARK [2][-]{subsection.4.2}{\376\377\000F\000e\000a\000t\000u\000r\000e\000s}{section.4}% 6
\BOOKMARK [2][-]{subsection.4.3}{\376\377\000A\000d\000v\000a\000n\000t\000a\000g\000e\000s}{section.4}% 7
\BOOKMARK [2][-]{subsection.4.4}{\376\377\000H\000i\000s\000t\000o\000r\000y\000\040\000a\000n\000d\000\040\000S\000i\000g\000n\000i\000f\000i\000c\000a\000n\000c\000e}{section.4}% 8
\BOOKMARK [1][-]{section.5}{\376\377\000C\000r\000e\000a\000t\000e\000\040\000R\000e\000a\000c\000t\000\040\000A\000p\000p\000\040\000\050\000C\000R\000A\000\051}{}% 9
\BOOKMARK [2][-]{subsection.5.1}{\376\377\000M\000o\000d\000e\000r\000n\000\040\000A\000l\000t\000e\000r\000n\000a\000t\000i\000v\000e\000s}{section.5}% 10
\BOOKMARK [3][-]{subsubsection.5.1.1}{\376\377\0001\000.\000\040\000V\000i\000t\000e}{subsection.5.1}% 11
\BOOKMARK [3][-]{subsubsection.5.1.2}{\376\377\0002\000.\000\040\000S\000n\000o\000w\000p\000a\000c\000k}{subsection.5.1}% 12
\BOOKMARK [3][-]{subsubsection.5.1.3}{\376\377\0003\000.\000\040\000N\000e\000x\000t\000.\000j\000s}{subsection.5.1}% 13
\BOOKMARK [3][-]{subsubsection.5.1.4}{\376\377\0004\000.\000\040\000P\000a\000r\000c\000e\000l}{subsection.5.1}% 14
\BOOKMARK [3][-]{subsubsection.5.1.5}{\376\377\0005\000.\000\040\000R\000e\000m\000i\000x}{subsection.5.1}% 15
\BOOKMARK [2][-]{subsection.5.2}{\376\377\000S\000t\000e\000p\000s\000\040\000t\000o\000\040\000C\000r\000e\000a\000t\000e\000\040\000a\000\040\000R\000e\000a\000c\000t\000\040\000A\000p\000p}{section.5}% 16
\BOOKMARK [3][-]{subsubsection.5.2.1}{\376\377\000P\000r\000e\000r\000e\000q\000u\000i\000s\000i\000t\000e\000s}{subsection.5.2}% 17
\BOOKMARK [3][-]{subsubsection.5.2.2}{\376\377\000S\000t\000e\000p\000s}{subsection.5.2}% 18
\BOOKMARK [1][-]{section.6}{\376\377\000P\000a\000s\000s\000i\000n\000g\000\040\000D\000a\000t\000a\000\040\000t\000h\000r\000o\000u\000g\000h\000\040\000P\000r\000o\000p\000s\000\040\000i\000n\000\040\000R\000e\000a\000c\000t}{}% 19
\BOOKMARK [2][-]{subsection.6.1}{\376\377\000P\000a\000r\000e\000n\000t\000\040\000C\000o\000m\000p\000o\000n\000e\000n\000t}{section.6}% 20
\BOOKMARK [2][-]{subsection.6.2}{\376\377\000C\000h\000i\000l\000d\000\040\000C\000o\000m\000p\000o\000n\000e\000n\000t}{section.6}% 21
\BOOKMARK [1][-]{section.7}{\376\377\000P\000l\000a\000t\000f\000o\000r\000m}{}% 22
\BOOKMARK [1][-]{section.8}{\376\377\000I\000n\000p\000u\000t\000\040\000a\000n\000d\000\040\000O\000u\000t\000p\000u\000t}{}% 23
\BOOKMARK [1][-]{section.9}{\376\377\000S\000c\000r\000e\000e\000n\000s\000h\000o\000t\000s}{}% 24
\BOOKMARK [2][-]{subsection.9.1}{\376\377\000R\000e\000a\000c\000t\000\040\000F\000r\000o\000n\000t\000e\000n\000d}{section.9}% 25
\BOOKMARK [1][-]{section.10}{\376\377\000C\000o\000d\000e}{}% 26
\BOOKMARK [1][-]{section.11}{\376\377\000C\000o\000n\000c\000l\000u\000s\000i\000o\000n}{}% 27
\BOOKMARK [1][-]{section.12}{\376\377\000F\000A\000Q}{}% 28
