\BOOKMARK [1][-]{section.1}{\376\377\000A\000i\000m}{}% 1
\BOOKMARK [1][-]{section.2}{\376\377\000O\000b\000j\000e\000c\000t\000i\000v\000e\000s}{}% 2
\BOOKMARK [1][-]{section.3}{\376\377\000T\000h\000e\000o\000r\000y}{}% 3
\BOOKMARK [2][-]{subsection.3.1}{\376\377\000W\000i\000r\000e\000s\000h\000a\000r\000k}{section.3}% 4
\BOOKMARK [3][-]{subsubsection.3.1.1}{\376\377\000I\000n\000s\000t\000a\000l\000l\000a\000t\000i\000o\000n}{subsection.3.1}% 5
\BOOKMARK [3][-]{subsubsection.3.1.2}{\376\377\000W\000o\000r\000k\000i\000n\000g}{subsection.3.1}% 6
\BOOKMARK [3][-]{subsubsection.3.1.3}{\376\377\000P\000r\000o\000s}{subsection.3.1}% 7
\BOOKMARK [3][-]{subsubsection.3.1.4}{\376\377\000C\000o\000n\000s}{subsection.3.1}% 8
\BOOKMARK [2][-]{subsection.3.2}{\376\377\000A\000i\000r\000C\000r\000a\000c\000k}{section.3}% 9
\BOOKMARK [3][-]{subsubsection.3.2.1}{\376\377\000I\000n\000s\000t\000a\000l\000l\000a\000t\000i\000o\000n}{subsection.3.2}% 10
\BOOKMARK [3][-]{subsubsection.3.2.2}{\376\377\000W\000o\000r\000k\000i\000n\000g}{subsection.3.2}% 11
\BOOKMARK [3][-]{subsubsection.3.2.3}{\376\377\000P\000r\000o\000s}{subsection.3.2}% 12
\BOOKMARK [3][-]{subsubsection.3.2.4}{\376\377\000C\000o\000n\000s}{subsection.3.2}% 13
\BOOKMARK [2][-]{subsection.3.3}{\376\377\000A\000i\000r\000S\000n\000o\000r\000t}{section.3}% 14
\BOOKMARK [3][-]{subsubsection.3.3.1}{\376\377\000I\000n\000s\000t\000a\000l\000l\000a\000t\000i\000o\000n}{subsection.3.3}% 15
\BOOKMARK [3][-]{subsubsection.3.3.2}{\376\377\000W\000o\000r\000k\000i\000n\000g}{subsection.3.3}% 16
\BOOKMARK [3][-]{subsubsection.3.3.3}{\376\377\000P\000r\000o\000s}{subsection.3.3}% 17
\BOOKMARK [3][-]{subsubsection.3.3.4}{\376\377\000C\000o\000n\000s}{subsection.3.3}% 18
\BOOKMARK [1][-]{section.4}{\376\377\000P\000l\000a\000t\000f\000o\000r\000m}{}% 19
\BOOKMARK [1][-]{section.5}{\376\377\000W\000o\000r\000k\000i\000n\000g\000\040\000S\000c\000r\000e\000e\000n\000s\000h\000o\000t\000s}{}% 20
\BOOKMARK [1][-]{section.6}{\376\377\000C\000o\000n\000c\000l\000u\000s\000i\000o\000n}{}% 21
\BOOKMARK [1][-]{section.7}{\376\377\000F\000A\000Q}{}% 22
\BOOKMARK [1][-]{section*.2}{\376\377\000R\000e\000f\000e\000r\000e\000n\000c\000e\000s}{}% 23
