\BOOKMARK [1][-]{section.1}{\376\377\000A\000i\000m}{}% 1
\BOOKMARK [1][-]{section.2}{\376\377\000O\000b\000j\000e\000c\000t\000i\000v\000e\000s}{}% 2
\BOOKMARK [1][-]{section.3}{\376\377\000P\000r\000o\000b\000l\000e\000m\000\040\000S\000t\000a\000t\000e\000m\000e\000n\000t}{}% 3
\BOOKMARK [1][-]{section.4}{\376\377\000T\000h\000e\000o\000r\000y}{}% 4
\BOOKMARK [1][-]{section.5}{\376\377\000T\000y\000p\000e\000s\000\040\000o\000f\000\040\000F\000o\000r\000m\000\040\000V\000a\000l\000i\000d\000a\000t\000i\000o\000n}{}% 5
\BOOKMARK [2][-]{subsection.5.1}{\376\377\000T\000y\000p\000e\000s}{section.5}% 6
\BOOKMARK [1][-]{section.6}{\376\377\000T\000h\000e\000\040\000D\000o\000c\000u\000m\000e\000n\000t\000\040\000O\000b\000j\000e\000c\000t\000\040\000M\000o\000d\000e\000l}{}% 7
\BOOKMARK [2][-]{subsection.6.1}{\376\377\000D\000O\000M\000\040\000T\000r\000e\000e}{section.6}% 8
\BOOKMARK [2][-]{subsection.6.2}{\376\377\000H\000i\000s\000t\000o\000r\000y}{section.6}% 9
\BOOKMARK [2][-]{subsection.6.3}{\376\377\000A\000d\000v\000a\000n\000t\000a\000g\000e\000s}{section.6}% 10
\BOOKMARK [1][-]{section.7}{\376\377\000J\000Q\000u\000e\000r\000y}{}% 11
\BOOKMARK [2][-]{subsection.7.1}{\376\377\000H\000i\000s\000t\000o\000r\000y\000\040\000a\000n\000d\000\040\000S\000i\000g\000n\000i\000f\000i\000c\000a\000n\000c\000e}{section.7}% 12
\BOOKMARK [2][-]{subsection.7.2}{\376\377\000A\000d\000v\000a\000n\000t\000a\000g\000e\000s}{section.7}% 13
\BOOKMARK [2][-]{subsection.7.3}{\376\377\000J\000Q\000u\000e\000r\000y\000\040\000S\000e\000l\000e\000c\000t\000o\000r\000s}{section.7}% 14
\BOOKMARK [1][-]{section.8}{\376\377\000P\000l\000a\000t\000f\000o\000r\000m}{}% 15
\BOOKMARK [1][-]{section.9}{\376\377\000I\000n\000p\000u\000t\000\040\000a\000n\000d\000\040\000O\000u\000t\000p\000u\000t}{}% 16
\BOOKMARK [1][-]{section.10}{\376\377\000S\000c\000r\000e\000e\000n\000s\000h\000o\000t\000s}{}% 17
\BOOKMARK [1][-]{section.11}{\376\377\000C\000o\000d\000e}{}% 18
\BOOKMARK [1][-]{section.12}{\376\377\000C\000o\000n\000c\000l\000u\000s\000i\000o\000n}{}% 19
\BOOKMARK [1][-]{section.13}{\376\377\000F\000A\000Q}{}% 20
