\BOOKMARK [0][-]{chapter.1}{\376\377\000I\000n\000t\000r\000o\000d\000u\000c\000t\000i\000o\000n}{}% 1
\BOOKMARK [1][-]{subsection.1.0.1}{\376\377\000P\000r\000o\000b\000l\000e\000m\000\040\000S\000t\000a\000t\000e\000m\000e\000n\000t}{chapter.1}% 2
\BOOKMARK [2][-]{subsection.1.0.2}{\376\377\000N\000e\000e\000d\000\040\000o\000f\000\040\000t\000h\000e\000\040\000P\000r\000o\000j\000e\000c\000t}{subsection.1.0.1}% 3
\BOOKMARK [0][-]{chapter.2}{\376\377\000L\000i\000t\000e\000r\000a\000t\000u\000r\000e\000\040\000S\000u\000r\000v\000e\000y}{}% 4
\BOOKMARK [1][-]{section.2.1}{\376\377\000T\000o\000o\000l\000s\000\040\000r\000e\000s\000e\000a\000r\000c\000h\000e\000d}{chapter.2}% 5
\BOOKMARK [2][-]{subsection.2.1.1}{\376\377\000C\000F\000L\000W}{section.2.1}% 6
\BOOKMARK [2][-]{subsection.2.1.2}{\376\377\000p\000i\000m\000E\000y\000e\000s}{section.2.1}% 7
\BOOKMARK [2][-]{subsection.2.1.3}{\376\377\000P\000r\000e\000d\000i\000c\000t\000a\000\040\000s\000e\000a\000r\000c\000h}{section.2.1}% 8
\BOOKMARK [2][-]{subsection.2.1.4}{\376\377\000O\000S\000I\000N\000T\000\040\000I\000n\000d\000u\000s\000t\000r\000i\000e\000s}{section.2.1}% 9
\BOOKMARK [2][-]{subsection.2.1.5}{\376\377\000B\000r\000e\000a\000c\000h\000D\000i\000r\000e\000c\000t\000o\000r\000y}{section.2.1}% 10
\BOOKMARK [0][-]{chapter.3}{\376\377\000M\000e\000t\000h\000o\000d\000o\000l\000o\000g\000y\000,\000\040\000A\000l\000g\000o\000r\000i\000t\000h\000m\000s\000\040\000a\000n\000d\000\040\000I\000m\000p\000l\000e\000m\000e\000n\000t\000a\000t\000i\000o\000n\000s}{}% 11
\BOOKMARK [1][-]{section.3.1}{\376\377\000M\000e\000t\000h\000o\000d\000o\000l\000o\000g\000y}{chapter.3}% 12
\BOOKMARK [1][-]{section.3.2}{\376\377\000S\000e\000t\000u\000p}{chapter.3}% 13
\BOOKMARK [1][-]{section.3.3}{\376\377\000D\000a\000t\000a\000\040\000C\000o\000l\000l\000e\000c\000t\000i\000o\000n}{chapter.3}% 14
\BOOKMARK [2][-]{subsection.3.3.1}{\376\377\000G\000o\000o\000g\000l\000e\000\040\000D\000o\000r\000k\000i\000n\000g}{section.3.3}% 15
\BOOKMARK [2][-]{subsection.3.3.2}{\376\377\000W\000e\000b\000\040\000S\000c\000r\000a\000p\000i\000n\000g\000\040\000w\000i\000t\000h\000\040\000P\000y\000t\000h\000o\000n}{section.3.3}% 16
\BOOKMARK [1][-]{section.3.4}{\376\377\000F\000e\000a\000t\000u\000r\000e\000\040\000E\000x\000t\000r\000a\000c\000t\000i\000o\000n}{chapter.3}% 17
\BOOKMARK [1][-]{section.3.5}{\376\377\000A\000n\000a\000l\000y\000s\000i\000s}{chapter.3}% 18
\BOOKMARK [1][-]{section.3.6}{\376\377\000L\000i\000m\000i\000t\000a\000t\000i\000o\000n\000s}{chapter.3}% 19
\BOOKMARK [2][-]{subsection.3.6.1}{\376\377\000E\000t\000h\000i\000c\000a\000l\000\040\000a\000n\000d\000\040\000L\000e\000g\000a\000l\000\040\000C\000o\000m\000p\000l\000i\000a\000n\000c\000e}{section.3.6}% 20
\BOOKMARK [1][-]{section.3.7}{\376\377\000C\000o\000n\000s\000i\000d\000e\000r\000a\000t\000i\000o\000n\000s}{chapter.3}% 21
\BOOKMARK [1][-]{section.3.8}{\376\377\000A\000l\000g\000o\000r\000i\000t\000h\000m\000s}{chapter.3}% 22
\BOOKMARK [2][-]{subsection.3.8.1}{\376\377\000N\000a\000\357\000v\000e\000\040\000B\000a\000y\000e\000s}{section.3.8}% 23
\BOOKMARK [2][-]{subsection.3.8.2}{\376\377\000K\000-\000M\000e\000a\000n\000s}{section.3.8}% 24
\BOOKMARK [2][-]{subsection.3.8.3}{\376\377\000Y\000A\000C\000A}{section.3.8}% 25
\BOOKMARK [1][-]{section.3.9}{\376\377\000I\000m\000p\000l\000e\000m\000e\000n\000t\000a\000t\000i\000o\000n}{chapter.3}% 26
\BOOKMARK [2][-]{subsection.3.9.1}{\376\377\000D\000a\000t\000a\000\040\000F\000o\000r\000\040\000T\000r\000a\000i\000n\000i\000n\000g}{section.3.9}% 27
\BOOKMARK [2][-]{subsection.3.9.2}{\376\377\000W\000e\000b\000\040\000S\000c\000r\000a\000p\000p\000i\000n\000g\000\040\000a\000n\000d\000\040\000D\000o\000r\000k\000i\000n\000g\000\040\000R\000e\000s\000u\000l\000t\000s}{section.3.9}% 28
\BOOKMARK [2][-]{subsection.3.9.3}{\376\377\000T\000r\000a\000i\000n\000i\000n\000g\000\040\000R\000e\000s\000u\000l\000t\000s}{section.3.9}% 29
\BOOKMARK [1][-]{section.3.10}{\376\377\000P\000l\000a\000t\000f\000o\000r\000m}{chapter.3}% 30
\BOOKMARK [1][-]{section.3.11}{\376\377\000S\000c\000r\000e\000e\000n\000s\000h\000o\000t\000s}{chapter.3}% 31
\BOOKMARK [0][-]{chapter.4}{\376\377\000C\000o\000n\000c\000l\000u\000s\000i\000o\000n\000,\000\040\000R\000e\000s\000u\000l\000t\000\040\000a\000n\000d\000\040\000D\000i\000s\000c\000u\000s\000s\000i\000o\000n\000s}{}% 32
\BOOKMARK [0][-]{chapter.5}{\376\377\000F\000u\000t\000u\000r\000e\000\040\000P\000r\000o\000s\000p\000e\000c\000t\000s}{}% 33
\BOOKMARK [0][-]{chapter*.11}{\376\377\000B\000i\000b\000l\000i\000o\000g\000r\000a\000p\000h\000y}{}% 34
