INFO:  latexindent version 3.20.3, 2023-02-19, a script to indent .tex files
       latexindent lives here: /usr/share/texmf-dist/scripts/latexindent/
       Sat Sep 23 23:21:15 2023
       Filename: /run/media/krishnaraj/Classes/University/Third Year/First Semester/Wireless Devices and Mobile Security/Lab/Assignment 1/__latexindent_temp_Assignment_1.tex
INFO:  Processing switches:
       -y|--yaml: YAML settings specified via command line
       -c|--cruft: cruft directory
INFO:  Directory for backup files and /run/media/krishnaraj/Classes/University/Third Year/First Semester/Wireless Devices and Mobile Security/Lab/Assignment 1//indent.log:
       /run/media/krishnaraj/Classes/University/Third Year/First Semester/Wireless Devices and Mobile Security/Lab/Assignment 1/
INFO:  YAML settings read: defaultSettings.yaml
       Reading defaultSettings.yaml from /usr/share/texmf-dist/scripts/latexindent/defaultSettings.yaml
INFO:  YAML reading settings
       Home directory is /home/krishnaraj
       latexindent.pl didn't find indentconfig.yaml or .indentconfig.yaml
       see all possible locations: https://latexindentpl.readthedocs.io/en/latest/sec-appendices.html#indentconfig-options)
INFO:  YAML settings read: -y switch
       YAML setting: defaultIndent:'    '
       single-quoted string found in -y switch: '    ', substitute to     
       Updating mainSettings with defaultIndent:     
FATAL I couldn't find /run/media/krishnaraj/Classes/University/Third Year/First Semester/Wireless Devices and Mobile Security/Lab/Assignment 1/__latexindent_temp_Assignment_1.tex, are you sure it exists?
      Exiting, no indentation done.
       --------------
INFO:  Please direct all communication/issues to:
        https://github.com/cmhughes/latexindent.pl
