\BOOKMARK [1][-]{section.1}{\376\377\000A\000i\000m}{}% 1
\BOOKMARK [1][-]{section.2}{\376\377\000O\000b\000j\000e\000c\000t\000i\000v\000e\000s}{}% 2
\BOOKMARK [1][-]{section.3}{\376\377\000T\000h\000e\000o\000r\000y}{}% 3
\BOOKMARK [2][-]{subsection.3.1}{\376\377\000W\000h\000a\000t\000\040\000i\000s\000\040\000a\000\040\000R\000o\000u\000t\000e\000r\000?}{section.3}% 4
\BOOKMARK [2][-]{subsection.3.2}{\376\377\000W\000h\000a\000t\000\040\000i\000s\000\040\000a\000n\000\040\000A\000P\000N\000\040\000R\000o\000u\000t\000e\000r\000?}{section.3}% 5
\BOOKMARK [2][-]{subsection.3.3}{\376\377\000W\000h\000a\000t\000\040\000i\000s\000\040\000t\000h\000e\000\040\000D\000i\000f\000f\000e\000r\000e\000n\000c\000e\000\040\000b\000e\000t\000w\000e\000e\000n\000\040\000a\000\040\000R\000o\000u\000t\000e\000r\000\040\000a\000n\000d\000\040\000a\000n\000\040\000A\000P\000N\000\040\000R\000o\000u\000t\000e\000r\000?}{section.3}% 6
\BOOKMARK [2][-]{subsection.3.4}{\376\377\000D\000i\000f\000f\000e\000r\000e\000n\000t\000\040\000T\000y\000p\000e\000s\000\040\000o\000f\000\040\000R\000o\000u\000t\000e\000r\000s\000\040\000A\000v\000a\000i\000l\000a\000b\000l\000e\000\040\000i\000n\000\040\000t\000h\000e\000\040\000M\000a\000r\000k\000e\000t}{section.3}% 7
\BOOKMARK [3][-]{subsubsection.3.4.1}{\376\377\000C\000I\000S\000C\000O}{subsection.3.4}% 8
\BOOKMARK [3][-]{subsubsection.3.4.2}{\376\377\000T\000P\000\040\000L\000i\000n\000k}{subsection.3.4}% 9
\BOOKMARK [3][-]{subsubsection.3.4.3}{\376\377\000D\000-\000L\000i\000n\000k}{subsection.3.4}% 10
\BOOKMARK [3][-]{subsubsection.3.4.4}{\376\377\000N\000e\000t\000g\000e\000a\000r}{subsection.3.4}% 11
\BOOKMARK [3][-]{subsubsection.3.4.5}{\376\377\000A\000s\000u\000s}{subsection.3.4}% 12
\BOOKMARK [3][-]{subsubsection.3.4.6}{\376\377\000L\000i\000n\000k\000s\000y\000s}{subsection.3.4}% 13
\BOOKMARK [3][-]{subsubsection.3.4.7}{\376\377\000M\000i\000k\000r\000o\000T\000i\000k}{subsection.3.4}% 14
\BOOKMARK [3][-]{subsubsection.3.4.8}{\376\377\000U\000b\000i\000q\000u\000i\000t\000i}{subsection.3.4}% 15
\BOOKMARK [3][-]{subsubsection.3.4.9}{\376\377\000H\000u\000a\000w\000e\000i}{subsection.3.4}% 16
\BOOKMARK [1][-]{section.4}{\376\377\000R\000o\000u\000t\000e\000r\000\040\000C\000o\000m\000p\000a\000r\000i\000s\000o\000n}{}% 17
\BOOKMARK [2][-]{subsection.4.1}{\376\377\000C\000i\000s\000c\000o\000\040\000R\000o\000u\000t\000e\000r\000s}{section.4}% 18
\BOOKMARK [2][-]{subsection.4.2}{\376\377\000T\000P\000-\000L\000i\000n\000k\000\040\000R\000o\000u\000t\000e\000r\000s}{section.4}% 19
\BOOKMARK [2][-]{subsection.4.3}{\376\377\000D\000-\000L\000i\000n\000k\000\040\000R\000o\000u\000t\000e\000r\000s}{section.4}% 20
\BOOKMARK [2][-]{subsection.4.4}{\376\377\000N\000e\000t\000g\000e\000a\000r\000\040\000R\000o\000u\000t\000e\000r\000s}{section.4}% 21
\BOOKMARK [2][-]{subsection.4.5}{\376\377\000A\000S\000U\000S\000\040\000R\000o\000u\000t\000e\000r\000s}{section.4}% 22
\BOOKMARK [2][-]{subsection.4.6}{\376\377\000L\000i\000n\000k\000s\000y\000s\000\040\000R\000o\000u\000t\000e\000r\000s}{section.4}% 23
\BOOKMARK [2][-]{subsection.4.7}{\376\377\000M\000i\000k\000r\000o\000T\000i\000k\000\040\000R\000o\000u\000t\000e\000r\000s}{section.4}% 24
\BOOKMARK [2][-]{subsection.4.8}{\376\377\000U\000b\000i\000q\000u\000i\000t\000i\000\040\000R\000o\000u\000t\000e\000r\000s}{section.4}% 25
\BOOKMARK [2][-]{subsection.4.9}{\376\377\000H\000u\000a\000w\000e\000i\000\040\000R\000o\000u\000t\000e\000r\000s}{section.4}% 26
\BOOKMARK [1][-]{section.5}{\376\377\000P\000l\000a\000t\000f\000o\000r\000m}{}% 27
\BOOKMARK [1][-]{section.6}{\376\377\000C\000o\000n\000c\000l\000u\000s\000i\000o\000n}{}% 28
\BOOKMARK [1][-]{section*.2}{\376\377\000R\000e\000f\000e\000r\000e\000n\000c\000e\000s}{}% 29
