\BOOKMARK [0][-]{chapter.1}{\376\377\000I\000n\000t\000r\000o\000d\000u\000c\000t\000i\000o\000n}{}% 1
\BOOKMARK [1][-]{subsection.1.0.1}{\376\377\000P\000r\000o\000b\000l\000e\000m\000\040\000S\000t\000a\000t\000e\000m\000e\000n\000t}{chapter.1}% 2
\BOOKMARK [2][-]{subsection.1.0.2}{\376\377\000N\000e\000e\000d\000\040\000o\000f\000\040\000t\000h\000e\000\040\000P\000r\000o\000j\000e\000c\000t}{subsection.1.0.1}% 3
\BOOKMARK [0][-]{chapter.2}{\376\377\000L\000i\000t\000e\000r\000a\000t\000u\000r\000e\000\040\000S\000u\000r\000v\000e\000y}{}% 4
\BOOKMARK [1][-]{section.2.1}{\376\377\000S\000o\000c\000i\000a\000l\000P\000h\000i\000s\000h}{chapter.2}% 5
\BOOKMARK [1][-]{section.2.2}{\376\377\000F\000e\000a\000t\000u\000r\000e\000s\000\040\000o\000f\000\040\000S\000o\000c\000i\000a\000l\000P\000h\000i\000s\000h}{chapter.2}% 6
\BOOKMARK [1][-]{section.2.3}{\376\377\000S\000h\000e\000l\000l\000P\000h\000i\000s\000h}{chapter.2}% 7
\BOOKMARK [1][-]{section.2.4}{\376\377\000Z\000p\000h\000i\000s\000h\000e\000r}{chapter.2}% 8
\BOOKMARK [1][-]{section.2.5}{\376\377\000K\000i\000n\000g\000\040\000P\000h\000i\000s\000h\000e\000r}{chapter.2}% 9
\BOOKMARK [1][-]{section.2.6}{\376\377\000B\000l\000a\000c\000k\000p\000h\000i\000s\000h}{chapter.2}% 10
\BOOKMARK [0][-]{chapter.3}{\376\377\000M\000e\000t\000h\000o\000d\000o\000l\000o\000g\000y\000,\000\040\000A\000l\000g\000o\000r\000i\000t\000h\000m\000s\000\040\000a\000n\000d\000\040\000I\000m\000p\000l\000e\000m\000e\000n\000t\000a\000t\000i\000o\000n\000s}{}% 11
\BOOKMARK [1][-]{section.3.1}{\376\377\000M\000e\000t\000h\000o\000d\000o\000l\000o\000g\000y}{chapter.3}% 12
\BOOKMARK [2][-]{subsection.3.1.1}{\376\377\000E\000x\000p\000e\000r\000i\000m\000e\000n\000t\000a\000l\000\040\000S\000e\000t\000u\000p}{section.3.1}% 13
\BOOKMARK [2][-]{subsection.3.1.2}{\376\377\000D\000a\000t\000a\000\040\000C\000o\000l\000l\000e\000c\000t\000i\000o\000n}{section.3.1}% 14
\BOOKMARK [2][-]{subsection.3.1.3}{\376\377\000A\000n\000a\000l\000y\000s\000i\000s}{section.3.1}% 15
\BOOKMARK [2][-]{subsection.3.1.4}{\376\377\000E\000t\000h\000i\000c\000a\000l\000\040\000C\000o\000n\000s\000i\000d\000e\000r\000a\000t\000i\000o\000n\000s}{section.3.1}% 16
\BOOKMARK [2][-]{subsection.3.1.5}{\376\377\000L\000i\000m\000i\000t\000a\000t\000i\000o\000n\000s}{section.3.1}% 17
\BOOKMARK [2][-]{subsection.3.1.6}{\376\377\000C\000o\000n\000c\000l\000u\000s\000i\000o\000n}{section.3.1}% 18
\BOOKMARK [1][-]{section.3.2}{\376\377\000A\000l\000g\000o\000r\000i\000t\000h\000m\000s}{chapter.3}% 19
\BOOKMARK [2][-]{subsection.3.2.1}{\376\377\000E\000m\000a\000i\000l\000\040\000S\000p\000o\000o\000f\000i\000n\000g}{section.3.2}% 20
\BOOKMARK [2][-]{subsection.3.2.2}{\376\377\000W\000e\000b\000s\000i\000t\000e\000\040\000C\000l\000o\000n\000i\000n\000g}{section.3.2}% 21
\BOOKMARK [2][-]{subsection.3.2.3}{\376\377\000S\000o\000c\000i\000a\000l\000\040\000E\000n\000g\000i\000n\000e\000e\000r\000i\000n\000g}{section.3.2}% 22
\BOOKMARK [2][-]{subsection.3.2.4}{\376\377\000A\000n\000a\000l\000y\000s\000i\000s}{section.3.2}% 23
\BOOKMARK [1][-]{section.3.3}{\376\377\000I\000m\000p\000l\000e\000m\000e\000n\000t\000a\000t\000i\000o\000n}{chapter.3}% 24
\BOOKMARK [1][-]{section.3.4}{\376\377\000P\000l\000a\000t\000f\000o\000r\000m}{chapter.3}% 25
\BOOKMARK [1][-]{section.3.5}{\376\377\000S\000c\000r\000e\000e\000n\000s\000h\000o\000t\000s}{chapter.3}% 26
\BOOKMARK [0][-]{chapter.4}{\376\377\000C\000o\000d\000e\000\040\000R\000e\000v\000i\000e\000w}{}% 27
\BOOKMARK [0][-]{chapter.5}{\376\377\000C\000o\000n\000c\000l\000u\000s\000i\000o\000n}{}% 28
\BOOKMARK [0][-]{chapter.6}{\376\377\000F\000u\000t\000u\000r\000e\000\040\000P\000r\000o\000s\000p\000e\000c\000t\000s}{}% 29
\BOOKMARK [0][-]{chapter*.9}{\376\377\000B\000i\000b\000l\000i\000o\000g\000r\000a\000p\000h\000y}{}% 30
