\BOOKMARK [1][-]{section.1}{\376\377\000A\000i\000m}{}% 1
\BOOKMARK [1][-]{section.2}{\376\377\000O\000b\000j\000e\000c\000t\000i\000v\000e\000s}{}% 2
\BOOKMARK [1][-]{section.3}{\376\377\000A\000n\000d\000r\000o\000i\000d}{}% 3
\BOOKMARK [2][-]{subsubsection.3.0.1}{\376\377\000A\000n\000d\000r\000o\000i\000d\000\040\000S\000e\000c\000u\000r\000i\000t\000y\000\040\000F\000e\000a\000t\000u\000r\000e\000s}{section.3}% 4
\BOOKMARK [3][-]{subsubsection.3.0.2}{\376\377\000S\000e\000c\000u\000r\000i\000t\000y\000\040\000F\000e\000a\000t\000u\000r\000e\000s\000\040\000i\000n\000\040\000A\000n\000d\000r\000i\000o\000d\000\040\000t\000h\000a\000t\000\040\000a\000r\000e\000\040\000n\000o\000t\000\040\000p\000r\000e\000s\000e\000n\000t\000\040\000i\000n\000\040\000I\000p\000h\000o\000n\000e\000s}{subsubsection.3.0.1}% 5
\BOOKMARK [3][-]{subsubsection.3.0.3}{\376\377\000S\000e\000c\000u\000r\000i\000t\000y\000\040\000V\000u\000l\000n\000e\000r\000a\000b\000i\000l\000i\000t\000i\000e\000s\000\040\000i\000n\000\040\000A\000n\000d\000r\000o\000i\000d}{subsubsection.3.0.1}% 6
\BOOKMARK [3][-]{subsubsection.3.0.4}{\376\377\000R\000o\000o\000t\000i\000n\000g}{subsubsection.3.0.1}% 7
\BOOKMARK [3][-]{subsubsection.3.0.5}{\376\377\000S\000e\000c\000u\000r\000i\000t\000y\000\040\000C\000o\000n\000c\000e\000r\000n\000s\000\040\000w\000i\000t\000h\000\040\000R\000o\000o\000t\000i\000n\000g}{subsubsection.3.0.1}% 8
\BOOKMARK [1][-]{section.4}{\376\377\000I\000p\000h\000o\000n\000e\000s}{}% 9
\BOOKMARK [2][-]{subsection.4.1}{\376\377\000I\000p\000h\000o\000n\000e\000\040\000S\000e\000c\000u\000r\000i\000t\000y\000\040\000F\000e\000a\000t\000u\000r\000e\000s}{section.4}% 10
\BOOKMARK [2][-]{subsection.4.2}{\376\377\000S\000e\000c\000u\000r\000i\000t\000y\000\040\000F\000e\000a\000t\000u\000r\000e\000s\000\040\000i\000n\000\040\000I\000p\000h\000o\000n\000e\000s\000\040\000t\000h\000a\000t\000\040\000a\000r\000e\000\040\000n\000o\000t\000\040\000p\000r\000e\000s\000e\000n\000t\000\040\000i\000n\000\040\000A\000n\000d\000r\000o\000i\000d}{section.4}% 11
\BOOKMARK [2][-]{subsection.4.3}{\376\377\000S\000e\000c\000u\000r\000i\000t\000y\000\040\000V\000u\000l\000n\000e\000r\000a\000b\000i\000l\000i\000t\000i\000e\000s\000\040\000i\000n\000\040\000I\000p\000h\000o\000n\000e\000s}{section.4}% 12
\BOOKMARK [2][-]{subsection.4.4}{\376\377\000J\000a\000i\000l\000b\000r\000e\000a\000k\000i\000n\000g}{section.4}% 13
\BOOKMARK [1][-]{section.5}{\376\377\000C\000o\000m\000p\000a\000r\000i\000s\000o\000n\000:\000\040\000R\000o\000o\000t\000i\000n\000g\000\040\000v\000s\000.\000\040\000J\000a\000i\000l\000b\000r\000e\000a\000k\000i\000n\000g}{}% 14
\BOOKMARK [2][-]{subsection.5.1}{\376\377\000S\000i\000m\000i\000l\000a\000r\000i\000t\000i\000e\000s}{section.5}% 15
\BOOKMARK [2][-]{subsection.5.2}{\376\377\000D\000i\000f\000f\000e\000r\000e\000n\000c\000e\000s}{section.5}% 16
\BOOKMARK [1][-]{section.6}{\376\377\000C\000o\000m\000p\000a\000r\000i\000s\000o\000n\000\040\000b\000e\000t\000w\000e\000e\000n\000\040\000A\000n\000d\000r\000o\000i\000d\000\040\000a\000n\000d\000\040\000I\000p\000h\000o\000n\000e\000\040\000S\000e\000c\000u\000r\000i\000t\000y}{}% 17
\BOOKMARK [2][-]{subsection.6.1}{\376\377\000A\000n\000d\000r\000o\000i\000d\000\040\000S\000e\000c\000u\000r\000i\000t\000y}{section.6}% 18
\BOOKMARK [2][-]{subsection.6.2}{\376\377\000i\000P\000h\000o\000n\000e\000\040\000\050\000i\000O\000S\000\051\000\040\000S\000e\000c\000u\000r\000i\000t\000y}{section.6}% 19
\BOOKMARK [1][-]{section.7}{\376\377\000C\000o\000n\000c\000l\000u\000s\000i\000o\000n}{}% 20
\BOOKMARK [1][-]{section*.6}{\376\377\000R\000e\000f\000e\000r\000e\000n\000c\000e\000s}{}% 21
