\BOOKMARK [1][-]{section.1}{\376\377\000A\000i\000m}{}% 1
\BOOKMARK [1][-]{section.2}{\376\377\000O\000b\000j\000e\000c\000t\000i\000v\000e\000s}{}% 2
\BOOKMARK [1][-]{section.3}{\376\377\000P\000r\000o\000b\000l\000e\000m\000\040\000S\000t\000a\000t\000e\000m\000e\000n\000t}{}% 3
\BOOKMARK [1][-]{section.4}{\376\377\000T\000h\000e\000o\000r\000y}{}% 4
\BOOKMARK [2][-]{subsection.4.1}{\376\377\000T\000h\000e\000\040\000M\000E\000R\000N\000\040\000S\000t\000a\000c\000k}{section.4}% 5
\BOOKMARK [2][-]{subsection.4.2}{\376\377\000F\000e\000a\000t\000u\000r\000e\000s}{section.4}% 6
\BOOKMARK [2][-]{subsection.4.3}{\376\377\000A\000d\000v\000a\000n\000t\000a\000g\000e\000s}{section.4}% 7
\BOOKMARK [2][-]{subsection.4.4}{\376\377\000H\000i\000s\000t\000o\000r\000y\000\040\000a\000n\000d\000\040\000S\000i\000g\000n\000i\000f\000i\000c\000a\000n\000c\000e}{section.4}% 8
\BOOKMARK [2][-]{subsection.4.5}{\376\377\000C\000o\000m\000p\000o\000n\000e\000n\000t\000s\000\040\000o\000f\000\040\000t\000h\000e\000\040\000M\000e\000r\000n\000\040\000S\000t\000a\000c\000k}{section.4}% 9
\BOOKMARK [3][-]{subsubsection.4.5.1}{\376\377\000M\000o\000n\000g\000o\000D\000B}{subsection.4.5}% 10
\BOOKMARK [3][-]{subsubsection.4.5.2}{\376\377\000E\000x\000p\000r\000e\000s\000s\000\040\000J\000S}{subsection.4.5}% 11
\BOOKMARK [3][-]{subsubsection.4.5.3}{\376\377\000R\000e\000a\000c\000t\000\040\000J\000S}{subsection.4.5}% 12
\BOOKMARK [3][-]{subsubsection.4.5.4}{\376\377\000N\000o\000d\000e\000\040\000J\000S}{subsection.4.5}% 13
\BOOKMARK [1][-]{section.5}{\376\377\000P\000l\000a\000t\000f\000o\000r\000m}{}% 14
\BOOKMARK [1][-]{section.6}{\376\377\000I\000n\000p\000u\000t\000\040\000a\000n\000d\000\040\000O\000u\000t\000p\000u\000t}{}% 15
\BOOKMARK [1][-]{section.7}{\376\377\000S\000c\000r\000e\000e\000n\000s\000h\000o\000t\000s}{}% 16
\BOOKMARK [2][-]{subsection.7.1}{\376\377\000R\000e\000a\000c\000t\000\040\000F\000r\000o\000n\000t\000e\000n\000d}{section.7}% 17
\BOOKMARK [2][-]{subsection.7.2}{\376\377\000N\000o\000d\000e\000\040\000a\000n\000d\000\040\000E\000x\000p\000r\000e\000s\000s\000\040\000B\000a\000c\000k\000e\000n\000d}{section.7}% 18
\BOOKMARK [2][-]{subsection.7.3}{\376\377\000M\000o\000n\000g\000o\000D\000B\000\040\000D\000a\000t\000a\000b\000a\000s\000e}{section.7}% 19
\BOOKMARK [1][-]{section.8}{\376\377\000C\000o\000d\000e}{}% 20
\BOOKMARK [1][-]{section.9}{\376\377\000C\000o\000n\000c\000l\000u\000s\000i\000o\000n}{}% 21
\BOOKMARK [1][-]{section.10}{\376\377\000F\000A\000Q}{}% 22
