\BOOKMARK [1][-]{section.1}{\376\377\000A\000i\000m}{}% 1
\BOOKMARK [1][-]{section.2}{\376\377\000O\000b\000j\000e\000c\000t\000i\000v\000e\000s}{}% 2
\BOOKMARK [1][-]{section.3}{\376\377\000T\000h\000e\000o\000r\000y}{}% 3
\BOOKMARK [2][-]{subsection.3.1}{\376\377\000T\000y\000p\000e\000s\000\040\000o\000f\000\040\000S\000t\000a\000t\000i\000s\000t\000i\000c\000s}{section.3}% 4
\BOOKMARK [2][-]{subsection.3.2}{\376\377\000D\000e\000s\000c\000r\000i\000p\000t\000i\000v\000e\000\040\000S\000t\000a\000t\000i\000s\000t\000i\000c\000s}{section.3}% 5
\BOOKMARK [3][-]{subsubsection.3.2.1}{\376\377\000M\000e\000a\000s\000u\000r\000e\000s\000\040\000o\000f\000\040\000C\000e\000n\000t\000r\000a\000l\000\040\000T\000e\000n\000d\000e\000n\000c\000y}{subsection.3.2}% 6
\BOOKMARK [3][-]{subsubsection.3.2.2}{\376\377\000M\000e\000a\000s\000u\000r\000e\000s\000\040\000o\000f\000\040\000D\000i\000s\000p\000e\000r\000s\000i\000o\000n}{subsection.3.2}% 7
\BOOKMARK [2][-]{subsection.3.3}{\376\377\000I\000n\000f\000e\000r\000e\000n\000t\000i\000a\000l\000\040\000S\000t\000a\000t\000i\000s\000t\000i\000c\000s}{section.3}% 8
\BOOKMARK [3][-]{subsubsection.3.3.1}{\376\377\000H\000y\000p\000o\000t\000h\000e\000s\000i\000s\000\040\000T\000e\000s\000t\000i\000n\000g}{subsection.3.3}% 9
\BOOKMARK [3][-]{subsubsection.3.3.2}{\376\377\000R\000e\000g\000r\000e\000s\000s\000i\000o\000n\000\040\000A\000n\000a\000l\000y\000s\000i\000s}{subsection.3.3}% 10
\BOOKMARK [3][-]{subsubsection.3.3.3}{\376\377\000C\000o\000r\000r\000e\000l\000a\000t\000i\000o\000n\000\040\000A\000n\000a\000l\000y\000s\000i\000s}{subsection.3.3}% 11
\BOOKMARK [1][-]{section.4}{\376\377\000P\000l\000a\000t\000f\000o\000r\000m}{}% 12
\BOOKMARK [1][-]{section.5}{\376\377\000R\000e\000q\000u\000i\000r\000e\000m\000e\000n\000t\000s}{}% 13
\BOOKMARK [1][-]{section.6}{\376\377\000C\000o\000d\000e}{}% 14
\BOOKMARK [2][-]{subsection.6.1}{\376\377\000P\000r\000e\000\040\000P\000r\000o\000c\000e\000s\000s\000i\000n\000g}{section.6}% 15
\BOOKMARK [2][-]{subsection.6.2}{\376\377\000E\000D\000A}{section.6}% 16
\BOOKMARK [1][-]{section.7}{\376\377\000F\000A\000Q\000s}{}% 17
\BOOKMARK [2][-]{subsection.7.1}{\376\377\000Q\000u\000e\000s\000t\000i\000o\000n\000\040\0001}{section.7}% 18
\BOOKMARK [2][-]{subsection.7.2}{\376\377\000Q\000u\000e\000s\000t\000i\000o\000n\000\040\0002}{section.7}% 19
\BOOKMARK [2][-]{subsection.7.3}{\376\377\000Q\000u\000e\000s\000t\000i\000o\000n\000\040\0003}{section.7}% 20
\BOOKMARK [1][-]{section.8}{\376\377\000C\000o\000n\000c\000l\000u\000s\000i\000o\000n}{}% 21
