\BOOKMARK [1][-]{section.1}{\376\377\000A\000i\000m}{}% 1
\BOOKMARK [1][-]{section.2}{\376\377\000O\000b\000j\000e\000c\000t\000i\000v\000e\000s}{}% 2
\BOOKMARK [1][-]{section.3}{\376\377\000W\000h\000a\000t\000\040\000i\000s\000\040\000J\000o\000h\000n\000\040\000t\000h\000e\000\040\000R\000i\000p\000p\000e\000r\000?}{}% 3
\BOOKMARK [2][-]{subsection.3.1}{\376\377\000F\000e\000a\000t\000u\000r\000e\000s}{section.3}% 4
\BOOKMARK [2][-]{subsection.3.2}{\376\377\000W\000a\000y\000s\000\040\000t\000o\000\040\000C\000r\000a\000c\000k\000\040\000P\000a\000s\000s\000w\000o\000r\000d\000s}{section.3}% 5
\BOOKMARK [2][-]{subsection.3.3}{\376\377\000N\000e\000e\000d\000\040\000o\000f\000\040\000J\000o\000h\000n\000\040\000t\000h\000e\000\040\000R\000i\000p\000p\000e\000r}{section.3}% 6
\BOOKMARK [2][-]{subsection.3.4}{\376\377\000I\000n\000s\000t\000a\000l\000l\000a\000t\000i\000o\000n}{section.3}% 7
\BOOKMARK [1][-]{section.4}{\376\377\000U\000s\000a\000g\000e}{}% 8
\BOOKMARK [2][-]{subsection.4.1}{\376\377\000D\000i\000c\000t\000i\000o\000n\000a\000r\000y\000\040\000A\000t\000t\000a\000c\000k}{section.4}% 9
\BOOKMARK [3][-]{subsubsection.4.1.1}{\376\377\000J\000T\000R\000\040\000C\000o\000m\000m\000a\000n\000d}{subsection.4.1}% 10
\BOOKMARK [3][-]{subsubsection.4.1.2}{\376\377\000P\000r\000o\000s}{subsection.4.1}% 11
\BOOKMARK [3][-]{subsubsection.4.1.3}{\376\377\000C\000o\000n\000s}{subsection.4.1}% 12
\BOOKMARK [3][-]{subsubsection.4.1.4}{\376\377\000S\000t\000e\000p\000s}{subsection.4.1}% 13
\BOOKMARK [3][-]{subsubsection.4.1.5}{\376\377\000S\000c\000r\000e\000e\000n\000s\000h\000o\000t\000s}{subsection.4.1}% 14
\BOOKMARK [2][-]{subsection.4.2}{\376\377\000B\000r\000u\000t\000e\000\040\000F\000o\000r\000c\000e\000\040\000A\000t\000t\000a\000c\000k}{section.4}% 15
\BOOKMARK [3][-]{subsubsection.4.2.1}{\376\377\000J\000T\000R\000\040\000C\000o\000m\000m\000a\000n\000d}{subsection.4.2}% 16
\BOOKMARK [3][-]{subsubsection.4.2.2}{\376\377\000P\000r\000o\000s}{subsection.4.2}% 17
\BOOKMARK [3][-]{subsubsection.4.2.3}{\376\377\000C\000o\000n\000s}{subsection.4.2}% 18
\BOOKMARK [3][-]{subsubsection.4.2.4}{\376\377\000S\000t\000e\000p\000s}{subsection.4.2}% 19
\BOOKMARK [3][-]{subsubsection.4.2.5}{\376\377\000S\000c\000r\000e\000e\000n\000s\000h\000o\000t\000s}{subsection.4.2}% 20
\BOOKMARK [2][-]{subsection.4.3}{\376\377\000H\000y\000b\000r\000i\000d\000\040\000A\000t\000t\000a\000c\000k}{section.4}% 21
\BOOKMARK [3][-]{subsubsection.4.3.1}{\376\377\000J\000T\000R\000\040\000C\000o\000m\000m\000a\000n\000d}{subsection.4.3}% 22
\BOOKMARK [3][-]{subsubsection.4.3.2}{\376\377\000P\000r\000o\000s}{subsection.4.3}% 23
\BOOKMARK [3][-]{subsubsection.4.3.3}{\376\377\000C\000o\000n\000s}{subsection.4.3}% 24
\BOOKMARK [3][-]{subsubsection.4.3.4}{\376\377\000S\000t\000e\000p\000s}{subsection.4.3}% 25
\BOOKMARK [3][-]{subsubsection.4.3.5}{\376\377\000S\000c\000r\000e\000e\000n\000s\000h\000o\000t\000s}{subsection.4.3}% 26
\BOOKMARK [2][-]{subsection.4.4}{\376\377\000R\000a\000i\000n\000b\000o\000w\000\040\000T\000a\000b\000l\000e\000\040\000A\000t\000t\000a\000c\000k}{section.4}% 27
\BOOKMARK [3][-]{subsubsection.4.4.1}{\376\377\000J\000T\000R\000\040\000C\000o\000m\000m\000a\000n\000d}{subsection.4.4}% 28
\BOOKMARK [3][-]{subsubsection.4.4.2}{\376\377\000P\000r\000o\000s}{subsection.4.4}% 29
\BOOKMARK [3][-]{subsubsection.4.4.3}{\376\377\000C\000o\000n\000s}{subsection.4.4}% 30
\BOOKMARK [3][-]{subsubsection.4.4.4}{\376\377\000S\000t\000e\000p\000s}{subsection.4.4}% 31
\BOOKMARK [3][-]{subsubsection.4.4.5}{\376\377\000S\000c\000r\000e\000e\000n\000s\000h\000o\000t\000s}{subsection.4.4}% 32
\BOOKMARK [2][-]{subsection.4.5}{\376\377\000R\000u\000l\000e\000-\000b\000a\000s\000e\000d\000\040\000A\000t\000t\000a\000c\000k}{section.4}% 33
\BOOKMARK [3][-]{subsubsection.4.5.1}{\376\377\000J\000T\000R\000\040\000C\000o\000m\000m\000a\000n\000d}{subsection.4.5}% 34
\BOOKMARK [3][-]{subsubsection.4.5.2}{\376\377\000P\000r\000o\000s}{subsection.4.5}% 35
\BOOKMARK [3][-]{subsubsection.4.5.3}{\376\377\000C\000o\000n\000s}{subsection.4.5}% 36
\BOOKMARK [3][-]{subsubsection.4.5.4}{\376\377\000S\000t\000e\000p\000s}{subsection.4.5}% 37
\BOOKMARK [3][-]{subsubsection.4.5.5}{\376\377\000S\000c\000r\000e\000e\000n\000s\000h\000o\000t\000s}{subsection.4.5}% 38
\BOOKMARK [2][-]{subsection.4.6}{\376\377\000M\000a\000s\000k\000\040\000A\000t\000t\000a\000c\000k}{section.4}% 39
\BOOKMARK [3][-]{subsubsection.4.6.1}{\376\377\000J\000T\000R\000\040\000C\000o\000m\000m\000a\000n\000d}{subsection.4.6}% 40
\BOOKMARK [3][-]{subsubsection.4.6.2}{\376\377\000P\000r\000o\000s}{subsection.4.6}% 41
\BOOKMARK [3][-]{subsubsection.4.6.3}{\376\377\000C\000o\000n\000s}{subsection.4.6}% 42
\BOOKMARK [3][-]{subsubsection.4.6.4}{\376\377\000S\000t\000e\000p\000s}{subsection.4.6}% 43
\BOOKMARK [3][-]{subsubsection.4.6.5}{\376\377\000S\000c\000r\000e\000e\000n\000s\000h\000o\000t\000s}{subsection.4.6}% 44
\BOOKMARK [2][-]{subsection.4.7}{\376\377\000P\000e\000r\000m\000u\000t\000a\000t\000i\000o\000n\000\040\000A\000t\000t\000a\000c\000k}{section.4}% 45
\BOOKMARK [3][-]{subsubsection.4.7.1}{\376\377\000J\000T\000R\000\040\000C\000o\000m\000m\000a\000n\000d}{subsection.4.7}% 46
\BOOKMARK [3][-]{subsubsection.4.7.2}{\376\377\000P\000r\000o\000s}{subsection.4.7}% 47
\BOOKMARK [3][-]{subsubsection.4.7.3}{\376\377\000C\000o\000n\000s}{subsection.4.7}% 48
\BOOKMARK [3][-]{subsubsection.4.7.4}{\376\377\000S\000t\000e\000p\000s}{subsection.4.7}% 49
\BOOKMARK [3][-]{subsubsection.4.7.5}{\376\377\000S\000c\000r\000e\000e\000n\000s\000h\000o\000t\000s}{subsection.4.7}% 50
\BOOKMARK [1][-]{section.5}{\376\377\000C\000o\000d\000e}{}% 51
\BOOKMARK [1][-]{section.6}{\376\377\000P\000l\000a\000t\000f\000o\000r\000m}{}% 52
\BOOKMARK [1][-]{section.7}{\376\377\000C\000o\000n\000c\000l\000u\000s\000i\000o\000n}{}% 53
\BOOKMARK [1][-]{section*.2}{\376\377\000R\000e\000f\000e\000r\000e\000n\000c\000e\000s}{}% 54
