\BOOKMARK [1][-]{section.0.1}{\376\377\000A\000b\000s\000t\000r\000a\000c\000t}{}% 1
\BOOKMARK [1][-]{section.0.2}{\376\377\000K\000e\000y\000w\000o\000r\000d\000s}{}% 2
\BOOKMARK [0][-]{chapter.1}{\376\377\000I\000n\000t\000r\000o\000d\000u\000c\000t\000i\000o\000n}{}% 3
\BOOKMARK [1][-]{subsection.1.0.1}{\376\377\000P\000r\000o\000b\000l\000e\000m\000\040\000S\000t\000a\000t\000e\000m\000e\000n\000t}{chapter.1}% 4
\BOOKMARK [2][-]{subsection.1.0.2}{\376\377\000N\000e\000e\000d\000\040\000o\000f\000\040\000t\000h\000e\000\040\000P\000r\000o\000j\000e\000c\000t}{subsection.1.0.1}% 5
\BOOKMARK [0][-]{chapter.2}{\376\377\000L\000i\000t\000e\000r\000a\000t\000u\000r\000e\000\040\000R\000e\000v\000i\000e\000w}{}% 6
\BOOKMARK [1][-]{section.2.1}{\376\377\000P\000a\000p\000e\000r\000\040\0001}{chapter.2}% 7
\BOOKMARK [2][-]{subsection.2.1.1}{\376\377\000P\000o\000s\000i\000t\000i\000v\000e\000s\000\040\000a\000n\000d\000\040\000L\000e\000a\000r\000n\000i\000n\000g\000s\000\040\000f\000r\000o\000m\000\040\000t\000h\000i\000s\000\040\000P\000a\000p\000e\000r}{section.2.1}% 8
\BOOKMARK [2][-]{subsection.2.1.2}{\376\377\000I\000d\000e\000n\000t\000i\000f\000i\000e\000d\000\040\000R\000e\000s\000e\000a\000r\000c\000h\000\040\000G\000a\000p\000s}{section.2.1}% 9
\BOOKMARK [1][-]{section.2.2}{\376\377\000P\000a\000p\000e\000r\000\040\0002}{chapter.2}% 10
\BOOKMARK [2][-]{subsection.2.2.1}{\376\377\000P\000o\000s\000i\000t\000i\000v\000e\000s\000\040\000a\000n\000d\000\040\000L\000e\000a\000r\000n\000i\000n\000g\000s\000\040\000f\000r\000o\000m\000\040\000t\000h\000i\000s\000\040\000P\000a\000p\000e\000r}{section.2.2}% 11
\BOOKMARK [2][-]{subsection.2.2.2}{\376\377\000I\000d\000e\000n\000t\000i\000f\000i\000e\000d\000\040\000R\000e\000s\000e\000a\000r\000c\000h\000\040\000G\000a\000p\000s}{section.2.2}% 12
\BOOKMARK [1][-]{section.2.3}{\376\377\000P\000a\000p\000e\000r\000\040\0003}{chapter.2}% 13
\BOOKMARK [2][-]{subsection.2.3.1}{\376\377\000P\000o\000s\000i\000t\000i\000v\000e\000s\000\040\000a\000n\000d\000\040\000L\000e\000a\000r\000n\000i\000n\000g\000s\000\040\000f\000r\000o\000m\000\040\000t\000h\000i\000s\000\040\000P\000a\000p\000e\000r}{section.2.3}% 14
\BOOKMARK [2][-]{subsection.2.3.2}{\376\377\000I\000d\000e\000n\000t\000i\000f\000i\000e\000d\000\040\000R\000e\000s\000e\000a\000r\000c\000h\000\040\000G\000a\000p\000s}{section.2.3}% 15
\BOOKMARK [1][-]{section.2.4}{\376\377\000P\000a\000p\000e\000r\000\040\0004}{chapter.2}% 16
\BOOKMARK [2][-]{subsection.2.4.1}{\376\377\000P\000o\000s\000i\000t\000i\000v\000e\000s\000\040\000a\000n\000d\000\040\000L\000e\000a\000r\000n\000i\000n\000g\000s\000\040\000f\000r\000o\000m\000\040\000t\000h\000i\000s\000\040\000P\000a\000p\000e\000r}{section.2.4}% 17
\BOOKMARK [2][-]{subsection.2.4.2}{\376\377\000I\000d\000e\000n\000t\000i\000f\000i\000e\000d\000\040\000R\000e\000s\000e\000a\000r\000c\000h\000\040\000G\000a\000p\000s}{section.2.4}% 18
\BOOKMARK [1][-]{section.2.5}{\376\377\000P\000a\000p\000e\000r\000\040\0005}{chapter.2}% 19
\BOOKMARK [2][-]{subsection.2.5.1}{\376\377\000P\000o\000s\000i\000t\000i\000v\000e\000s\000\040\000a\000n\000d\000\040\000L\000e\000a\000r\000n\000i\000n\000g\000s\000\040\000f\000r\000o\000m\000\040\000t\000h\000i\000s\000\040\000P\000a\000p\000e\000r}{section.2.5}% 20
\BOOKMARK [2][-]{subsection.2.5.2}{\376\377\000I\000d\000e\000n\000t\000i\000f\000i\000e\000d\000\040\000R\000e\000s\000e\000a\000r\000c\000h\000\040\000G\000a\000p\000s}{section.2.5}% 21
\BOOKMARK [0][-]{chapter.3}{\376\377\000M\000e\000t\000h\000o\000d\000o\000l\000o\000g\000y\000\040\000a\000n\000d\000\040\000I\000m\000p\000l\000e\000m\000e\000n\000t\000a\000t\000i\000o\000n\000s}{}% 22
\BOOKMARK [1][-]{section.3.1}{\376\377\000M\000e\000t\000h\000o\000d\000o\000l\000o\000g\000y}{chapter.3}% 23
\BOOKMARK [1][-]{section.3.2}{\376\377\000A\000d\000v\000a\000n\000t\000a\000g\000e\000s}{chapter.3}% 24
\BOOKMARK [1][-]{section.3.3}{\376\377\000D\000i\000s\000a\000d\000v\000a\000n\000t\000a\000g\000e\000s}{chapter.3}% 25
\BOOKMARK [1][-]{section.3.4}{\376\377\000E\000v\000a\000l\000u\000a\000t\000i\000o\000n\000\040\000M\000e\000t\000r\000i\000c\000s}{chapter.3}% 26
\BOOKMARK [1][-]{section.3.5}{\376\377\000A\000p\000p\000l\000i\000c\000a\000t\000i\000o\000n\000s}{chapter.3}% 27
\BOOKMARK [1][-]{section.3.6}{\376\377\000I\000m\000p\000l\000e\000m\000e\000n\000t\000a\000t\000i\000o\000n\000s}{chapter.3}% 28
\BOOKMARK [1][-]{section.3.7}{\376\377\000P\000l\000a\000t\000f\000o\000r\000m}{chapter.3}% 29
\BOOKMARK [2][-]{subsection.3.7.1}{\376\377\000T\000r\000a\000i\000n\000i\000n\000g\000\040\000D\000a\000t\000a}{section.3.7}% 30
\BOOKMARK [2][-]{subsection.3.7.2}{\376\377\000P\000r\000e\000l\000i\000m\000i\000n\000a\000r\000y\000\040\000R\000e\000s\000u\000l\000t\000s}{section.3.7}% 31
\BOOKMARK [0][-]{chapter.4}{\376\377\000C\000o\000n\000c\000l\000u\000s\000i\000o\000n}{}% 32
\BOOKMARK [0][-]{chapter*.8}{\376\377\000B\000i\000b\000l\000i\000o\000g\000r\000a\000p\000h\000y}{}% 33
