\BOOKMARK [1][-]{section.1}{\376\377\000T\000o\000p\000\040\000F\000a\000c\000e\000\040\000R\000e\000c\000o\000g\000n\000i\000t\000i\000o\000n\000\040\000A\000l\000g\000o\000r\000i\000t\000h\000m\000s\000\040\000-\000\040\000S\000o\000u\000r\000c\000e\000\040\0001}{}% 1
\BOOKMARK [2][-]{subsection.1.1}{\376\377\000E\000i\000g\000e\000n\000f\000a\000c\000e\000s}{section.1}% 2
\BOOKMARK [2][-]{subsection.1.2}{\376\377\000F\000i\000s\000h\000e\000r\000f\000a\000c\000e\000s}{section.1}% 3
\BOOKMARK [2][-]{subsection.1.3}{\376\377\000D\000e\000e\000p\000F\000a\000c\000e}{section.1}% 4
\BOOKMARK [2][-]{subsection.1.4}{\376\377\000F\000a\000c\000e\000N\000e\000t}{section.1}% 5
\BOOKMARK [2][-]{subsection.1.5}{\376\377\000R\000e\000f\000e\000r\000e\000n\000c\000e\000s}{section.1}% 6
\BOOKMARK [1][-]{section.2}{\376\377\000T\000o\000p\000\040\000F\000a\000c\000e\000\040\000R\000e\000c\000o\000g\000n\000i\000t\000i\000o\000n\000\040\000A\000l\000g\000o\000r\000i\000t\000h\000m\000s\000\040\000-\000\040\000S\000o\000u\000r\000c\000e\000\040\0002}{}% 7
\BOOKMARK [2][-]{subsection.2.1}{\376\377\000F\000a\000c\000e\000N\000e\000t}{section.2}% 8
\BOOKMARK [2][-]{subsection.2.2}{\376\377\000A\000r\000c\000F\000a\000c\000e}{section.2}% 9
\BOOKMARK [2][-]{subsection.2.3}{\376\377\000f\000a\000c\000e\000.\000e\000v\000o\000L\000V\000E}{section.2}% 10
\BOOKMARK [2][-]{subsection.2.4}{\376\377\000O\000p\000e\000n\000F\000a\000c\000e}{section.2}% 11
\BOOKMARK [2][-]{subsection.2.5}{\376\377\000R\000e\000f\000e\000r\000e\000n\000c\000e\000s}{section.2}% 12
\BOOKMARK [1][-]{section.3}{\376\377\000D\000e\000e\000p\000F\000a\000c\000e\000\040\000L\000i\000b\000r\000a\000r\000y\000\040\000F\000a\000c\000e\000\040\000R\000e\000c\000o\000g\000n\000i\000t\000i\000o\000n\000\040\000M\000o\000d\000e\000l\000s\000\040\000-\000\040\000S\000o\000u\000r\000c\000e\000\040\0003}{}% 13
\BOOKMARK [2][-]{subsection.3.1}{\376\377\000T\000h\000e\000\040\000M\000o\000s\000t\000\040\000P\000o\000p\000u\000l\000a\000r\000\040\000F\000a\000c\000e\000\040\000R\000e\000c\000o\000g\000n\000i\000t\000i\000o\000n\000\040\000M\000o\000d\000e\000l\000s}{section.3}% 14
\BOOKMARK [2][-]{subsection.3.2}{\376\377\000R\000e\000f\000e\000r\000e\000n\000c\000e\000s}{section.3}% 15
\BOOKMARK [1][-]{section.4}{\376\377\000T\000o\000p\000\040\000F\000a\000c\000e\000\040\000R\000e\000c\000o\000g\000n\000i\000t\000i\000o\000n\000\040\000A\000l\000g\000o\000r\000i\000t\000h\000m\000s\000\040\000C\000h\000a\000t\000\040\000G\000P\000T\000\040\000-\000\040\000S\000o\000u\000r\000c\000e\000\040\0004}{}% 16
\BOOKMARK [2][-]{subsection.4.1}{\376\377\000R\000e\000f\000e\000r\000e\000n\000c\000e\000s}{section.4}% 17
\BOOKMARK [1][-]{section.5}{\376\377\000A\000d\000d\000i\000t\000i\000o\000n\000a\000l\000\040\000F\000a\000c\000e\000\040\000R\000e\000c\000o\000g\000n\000i\000t\000i\000o\000n\000\040\000A\000l\000g\000o\000r\000i\000t\000h\000m\000\040\000I\000n\000f\000o\000r\000m\000a\000t\000i\000o\000n\000\040\000-\000\040\000B\000a\000r\000d\000\040\000-\000\040\000S\000o\000u\000r\000c\000e\000\040\0005}{}% 18
\BOOKMARK [2][-]{subsection.5.1}{\376\377\000D\000e\000e\000p\000F\000a\000c\000e\000\040\000\050\000F\000a\000c\000e\000N\000e\000t\000\051\000:}{section.5}% 19
\BOOKMARK [2][-]{subsection.5.2}{\376\377\000A\000r\000c\000F\000a\000c\000e\000:}{section.5}% 20
\BOOKMARK [2][-]{subsection.5.3}{\376\377\000C\000o\000s\000F\000a\000c\000e\000:}{section.5}% 21
\BOOKMARK [2][-]{subsection.5.4}{\376\377\000T\000r\000i\000p\000l\000e\000t\000\040\000L\000o\000s\000s\000:}{section.5}% 22
\BOOKMARK [2][-]{subsection.5.5}{\376\377\000S\000i\000a\000m\000e\000s\000e\000\040\000N\000e\000t\000w\000o\000r\000k\000s\000:}{section.5}% 23
\BOOKMARK [2][-]{subsection.5.6}{\376\377\000L\000i\000g\000h\000t\000C\000N\000N\000:}{section.5}% 24
\BOOKMARK [2][-]{subsection.5.7}{\376\377\000V\000G\000G\000F\000a\000c\000e\000:}{section.5}% 25
\BOOKMARK [2][-]{subsection.5.8}{\376\377\000Y\000O\000L\000O\000\040\000F\000a\000c\000e\000:}{section.5}% 26
\BOOKMARK [2][-]{subsection.5.9}{\376\377\000O\000p\000e\000n\000F\000a\000c\000e\000:}{section.5}% 27
\BOOKMARK [2][-]{subsection.5.10}{\376\377\000E\000i\000g\000e\000n\000f\000a\000c\000e\000s\000:}{section.5}% 28
\BOOKMARK [2][-]{subsection.5.11}{\376\377\000R\000e\000f\000e\000r\000e\000n\000c\000e\000s\000:}{section.5}% 29
