\BOOKMARK [1][-]{section.1}{\376\377\000A\000i\000m}{}% 1
\BOOKMARK [1][-]{section.2}{\376\377\000T\000h\000e\000o\000r\000y}{}% 2
\BOOKMARK [2][-]{subsection.2.1}{\376\377\000T\000h\000e\000\040\000W\000i\000r\000e\000l\000e\000s\000s\000\040\000M\000o\000d\000e\000l}{section.2}% 3
\BOOKMARK [2][-]{subsection.2.2}{\376\377\000R\000o\000u\000t\000i\000n\000g\000\040\000P\000r\000o\000t\000o\000c\000o\000l\000s\000\040\000f\000o\000r\000\040\000W\000i\000r\000e\000l\000e\000s\000s\000\040\000D\000e\000v\000i\000c\000e\000s}{section.2}% 4
\BOOKMARK [2][-]{subsection.2.3}{\376\377\000C\000r\000e\000a\000t\000i\000n\000g\000\040\000M\000o\000b\000i\000l\000e\000\040\000N\000o\000d\000e\000s}{section.2}% 5
\BOOKMARK [2][-]{subsection.2.4}{\376\377\000S\000e\000t\000t\000i\000n\000g\000\040\000M\000o\000b\000i\000l\000e\000\040\000N\000o\000d\000e\000\040\000M\000o\000v\000e\000m\000e\000n\000t\000s}{section.2}% 6
\BOOKMARK [2][-]{subsection.2.5}{\376\377\000T\000o\000p\000o\000l\000o\000g\000y\000\040\000D\000e\000f\000i\000n\000i\000t\000i\000o\000n}{section.2}% 7
\BOOKMARK [2][-]{subsection.2.6}{\376\377\000N\000e\000t\000w\000o\000r\000k\000\040\000C\000o\000m\000p\000o\000n\000e\000n\000t\000s\000\040\000i\000n\000\040\000M\000o\000b\000i\000l\000e\000\040\000n\000o\000d\000e\000:\000\040}{section.2}% 8
\BOOKMARK [2][-]{subsection.2.7}{\376\377\000L\000i\000n\000k\000\040\000L\000a\000y\000e\000r\000\040\000:\000\040}{section.2}% 9
\BOOKMARK [2][-]{subsection.2.8}{\376\377\000A\000R\000P\000:\000\040}{section.2}% 10
\BOOKMARK [2][-]{subsection.2.9}{\376\377\000I\000n\000t\000e\000r\000f\000a\000c\000e\000\040\000Q\000u\000e\000u\000e\000:\000\040}{section.2}% 11
\BOOKMARK [2][-]{subsection.2.10}{\376\377\000M\000a\000c\000\040\000L\000a\000y\000e\000r\000:\000\040}{section.2}% 12
\BOOKMARK [2][-]{subsection.2.11}{\376\377\000T\000a\000p\000\040\000A\000g\000e\000n\000t\000s\000:\000\040}{section.2}% 13
\BOOKMARK [2][-]{subsection.2.12}{\376\377\000N\000e\000t\000w\000o\000r\000k\000\040\000I\000n\000t\000e\000r\000f\000a\000c\000e\000s\000:\000\040}{section.2}% 14
\BOOKMARK [2][-]{subsection.2.13}{\376\377\000R\000a\000d\000i\000o\000\040\000P\000r\000o\000p\000a\000g\000a\000t\000i\000o\000n\000\040\000M\000o\000d\000e\000l\000:\000\040}{section.2}% 15
\BOOKMARK [2][-]{subsection.2.14}{\376\377\000A\000n\000t\000e\000n\000n\000a\000:\000\040}{section.2}% 16
\BOOKMARK [2][-]{subsection.2.15}{\376\377\000D\000e\000s\000c\000r\000i\000p\000t\000i\000o\000n\000\040\000o\000f\000\040\000s\000o\000m\000e\000\040\000T\000C\000L\000\040\000C\000o\000m\000m\000a\000n\000d\000s}{section.2}% 17
\BOOKMARK [1][-]{section.3}{\376\377\000P\000l\000a\000t\000f\000o\000r\000m}{}% 18
\BOOKMARK [1][-]{section.4}{\376\377\000S\000c\000r\000e\000e\000n\000s\000h\000o\000t\000s}{}% 19
\BOOKMARK [1][-]{section.5}{\376\377\000C\000o\000d\000e\000\040\000a\000n\000d\000\040\000A\000l\000g\000o\000r\000i\000t\000h\000m}{}% 20
\BOOKMARK [2][-]{subsection.5.1}{\376\377\000A\000l\000g\000o\000r\000i\000t\000h\000m}{section.5}% 21
\BOOKMARK [2][-]{subsection.5.2}{\376\377\000C\000o\000d\000e}{section.5}% 22
\BOOKMARK [1][-]{section.6}{\376\377\000C\000o\000n\000c\000l\000u\000s\000i\000o\000n}{}% 23
\BOOKMARK [1][-]{section.7}{\376\377\000F\000A\000Q}{}% 24
