\BOOKMARK [1][-]{section.1}{\376\377\000A\000i\000m}{}% 1
\BOOKMARK [1][-]{section.2}{\376\377\000O\000b\000j\000e\000c\000t\000i\000v\000e\000s}{}% 2
\BOOKMARK [1][-]{section.3}{\376\377\000T\000h\000e\000o\000r\000y}{}% 3
\BOOKMARK [2][-]{subsection.3.1}{\376\377\000D\000e\000f\000i\000n\000i\000t\000i\000o\000n\000s}{section.3}% 4
\BOOKMARK [2][-]{subsection.3.2}{\376\377\000N\000e\000e\000d\000\040\000f\000o\000r\000\040\000M\000o\000b\000i\000l\000e\000\040\000F\000o\000r\000e\000n\000s\000i\000c\000s}{section.3}% 5
\BOOKMARK [1][-]{section.4}{\376\377\000F\000o\000r\000e\000n\000s\000i\000c\000\040\000T\000o\000o\000l\000\040\000T\000y\000p\000e\000s}{}% 6
\BOOKMARK [1][-]{section.5}{\376\377\000P\000r\000o\000c\000e\000s\000s}{}% 7
\BOOKMARK [2][-]{subsection.5.1}{\376\377\000P\000r\000e\000p\000a\000r\000a\000t\000i\000o\000n}{section.5}% 8
\BOOKMARK [2][-]{subsection.5.2}{\376\377\000I\000s\000o\000l\000a\000t\000i\000o\000n}{section.5}% 9
\BOOKMARK [1][-]{section.6}{\376\377\000T\000o\000o\000l\000s}{}% 10
\BOOKMARK [2][-]{subsection.6.1}{\376\377\000P\000r\000o\000c\000e\000s\000s\000i\000n\000g}{section.6}% 11
\BOOKMARK [2][-]{subsection.6.2}{\376\377\000V\000e\000r\000i\000f\000i\000c\000a\000t\000i\000o\000n}{section.6}% 12
\BOOKMARK [1][-]{section.7}{\376\377\000T\000o\000o\000l\000s}{}% 13
\BOOKMARK [2][-]{subsection.7.1}{\376\377\000S\000A\000N\000S\000\040\000S\000i\000f\000t}{section.7}% 14
\BOOKMARK [2][-]{subsection.7.2}{\376\377\000P\000r\000o\000d\000i\000s\000c\000o\000v\000e\000r\000\040\000F\000o\000r\000e\000n\000s\000i\000c\000s}{section.7}% 15
\BOOKMARK [2][-]{subsection.7.3}{\376\377\000T\000h\000e\000\040\000S\000l\000e\000u\000t\000h\000\040\000K\000i\000t\000\040\000\050\000+\000A\000u\000t\000o\000p\000s\000y\000\051}{section.7}% 16
\BOOKMARK [2][-]{subsection.7.4}{\376\377\000F\000T\000K\000\040\000I\000m\000a\000g\000e\000r}{section.7}% 17
\BOOKMARK [2][-]{subsection.7.5}{\376\377\000L\000i\000n\000u\000x\000\040\040\030\000d\000d\040\031}{section.7}% 18
\BOOKMARK [2][-]{subsection.7.6}{\376\377\000C\000A\000I\000N\000E}{section.7}% 19
\BOOKMARK [2][-]{subsection.7.7}{\376\377\000O\000x\000y\000g\000e\000n\000\040\000F\000o\000r\000e\000n\000s\000i\000c\000\040\000S\000u\000i\000t\000e\000\040\0002\0000\0001\0003\000\040\000S\000t\000a\000n\000d\000a\000r\000d}{section.7}% 20
\BOOKMARK [2][-]{subsection.7.8}{\376\377\000F\000r\000e\000e\000\040\000H\000e\000x\000\040\000E\000d\000i\000t\000o\000r\000\040\000N\000e\000o}{section.7}% 21
\BOOKMARK [2][-]{subsection.7.9}{\376\377\000M\000a\000n\000d\000i\000a\000n\000t\000\040\000R\000e\000d\000L\000i\000n\000e}{section.7}% 22
\BOOKMARK [2][-]{subsection.7.10}{\376\377\000P\0002\000\040\000e\000X\000p\000l\000o\000r\000e\000r}{section.7}% 23
\BOOKMARK [1][-]{section.8}{\376\377\000E\000x\000p\000e\000r\000i\000m\000e\000n\000t\000s}{}% 24
\BOOKMARK [2][-]{subsection.8.1}{\376\377\000A\000n\000d\000r\000i\000l\000l\000e\000r}{section.8}% 25
\BOOKMARK [2][-]{subsection.8.2}{\376\377\000S\000c\000r\000e\000e\000n\000s\000h\000o\000t\000s}{section.8}% 26
\BOOKMARK [2][-]{subsection.8.3}{\376\377\000A\000n\000d\000r\000i\000l\000l\000e\000r\000\040\000i\000n\000\040\000A\000c\000t\000i\000o\000n}{section.8}% 27
\BOOKMARK [1][-]{section.9}{\376\377\000R\000e\000s\000u\000l\000t\000s}{}% 28
\BOOKMARK [1][-]{section.10}{\376\377\000P\000l\000a\000t\000f\000o\000r\000m}{}% 29
\BOOKMARK [1][-]{section.11}{\376\377\000C\000o\000n\000c\000l\000u\000s\000i\000o\000n}{}% 30
\BOOKMARK [1][-]{section*.2}{\376\377\000R\000e\000f\000e\000r\000e\000n\000c\000e\000s}{}% 31
