\BOOKMARK [1][-]{section.1}{\376\377\000A\000i\000m}{}% 1
\BOOKMARK [1][-]{section.2}{\376\377\000O\000b\000j\000e\000c\000t\000i\000v\000e\000s}{}% 2
\BOOKMARK [1][-]{section.3}{\376\377\000T\000h\000e\000o\000r\000y}{}% 3
\BOOKMARK [2][-]{subsection.3.1}{\376\377\000I\000n\000t\000r\000o\000d\000u\000c\000t\000i\000o\000n\000\040\000t\000o\000\040\000W\000e\000b\000\040\000s\000e\000r\000v\000i\000c\000e\000s}{section.3}% 4
\BOOKMARK [2][-]{subsection.3.2}{\376\377\000W\000e\000b\000\040\000S\000e\000r\000v\000i\000c\000e\000\040\000P\000r\000o\000t\000o\000c\000o\000l\000s}{section.3}% 5
\BOOKMARK [2][-]{subsection.3.3}{\376\377\000W\000e\000b\000\040\000S\000e\000r\000v\000i\000c\000e\000\040\000S\000t\000a\000n\000d\000a\000r\000d\000s}{section.3}% 6
\BOOKMARK [2][-]{subsection.3.4}{\376\377\000D\000i\000f\000f\000e\000r\000e\000n\000t\000\040\000t\000y\000p\000e\000s\000\040\000o\000f\000\040\000W\000e\000b\000\040\000s\000e\000r\000v\000i\000c\000e\000s}{section.3}% 7
\BOOKMARK [2][-]{subsection.3.5}{\376\377\000S\000O\000A\000P}{section.3}% 8
\BOOKMARK [2][-]{subsection.3.6}{\376\377\000R\000E\000S\000T}{section.3}% 9
\BOOKMARK [2][-]{subsection.3.7}{\376\377\000W\000e\000b\000\040\000s\000e\000r\000v\000i\000c\000e\000\040\000D\000e\000v\000e\000l\000o\000p\000m\000e\000n\000t\000\040\000u\000s\000i\000n\000g\000\040\000P\000y\000t\000h\000o\000n}{section.3}% 10
\BOOKMARK [2][-]{subsection.3.8}{\376\377\000F\000a\000s\000t\000A\000P\000I}{section.3}% 11
\BOOKMARK [1][-]{section.4}{\376\377\000S\000t\000e\000p\000s\000\040\000/\000\040\000P\000r\000o\000c\000e\000d\000u\000r\000e\000\040\000t\000o\000\040\000f\000o\000l\000l\000o\000w\000\040\000f\000o\000r\000\040\000w\000e\000b\000\040\000s\000e\000r\000v\000i\000c\000e\000\040\000d\000e\000p\000l\000o\000y\000m\000e\000n\000t\000\040\000u\000s\000i\000n\000g\000\040\000a\000n\000y\000\040\000P\000a\000a\000S\000\040\000t\000o\000o\000l}{}% 12
\BOOKMARK [2][-]{subsection.4.1}{\376\377\000C\000r\000e\000a\000t\000i\000o\000n\000\040\000o\000f\000\040\000t\000h\000e\000\040\000W\000e\000b\000\040\000S\000e\000r\000v\000i\000c\000e}{section.4}% 13
\BOOKMARK [2][-]{subsection.4.2}{\376\377\000R\000e\000q\000u\000i\000r\000e\000m\000e\000n\000t\000s\000\040\000F\000i\000l\000e\000\040\000T\000o\000\040\000b\000e\000\040\000d\000o\000w\000n\000l\000o\000a\000d\000e\000d\000\040\000o\000n\000\040\000C\000y\000c\000l\000i\000c}{section.4}% 14
\BOOKMARK [2][-]{subsection.4.3}{\376\377\000M\000a\000k\000e\000\040\000R\000e\000p\000o\000s\000i\000t\000o\000r\000y\000\040\000o\000n\000\040\000G\000i\000t\000h\000u\000b}{section.4}% 15
\BOOKMARK [2][-]{subsection.4.4}{\376\377\000U\000p\000l\000o\000a\000d\000\040\000o\000n\000\040\000C\000y\000c\000l\000i\000c}{section.4}% 16
\BOOKMARK [2][-]{subsection.4.5}{\376\377\000D\000e\000p\000l\000o\000y\000m\000e\000n\000t\000\040\000a\000f\000t\000e\000r\000\040\000c\000o\000m\000m\000i\000t\000\040\000o\000n\000\040\000C\000y\000c\000l\000i\000c}{section.4}% 17
\BOOKMARK [2][-]{subsection.4.6}{\376\377\000G\000e\000t\000\040\000r\000e\000q\000u\000e\000s\000t\000\040\000f\000r\000o\000m\000\040\000B\000r\000o\000w\000s\000e\000r}{section.4}% 18
\BOOKMARK [2][-]{subsection.4.7}{\376\377\000R\000e\000s\000p\000o\000n\000s\000e\000\040\000f\000r\000o\000m\000n\000\040\000t\000h\000e\000\040\000W\000e\000b\000\040\000S\000e\000r\000v\000i\000c\000e}{section.4}% 19
\BOOKMARK [2][-]{subsection.4.8}{\376\377\000S\000t\000o\000r\000e\000d\000\040\000o\000n\000\040\000A\000m\000a\000z\000o\000n\000\040\000S\0003\000\040\000w\000i\000t\000h\000\040\000D\000y\000n\000a\000m\000o\000d\000b}{section.4}% 20
\BOOKMARK [1][-]{section.5}{\376\377\000P\000l\000a\000t\000f\000o\000r\000m}{}% 21
\BOOKMARK [1][-]{section.6}{\376\377\000F\000A\000Q\000s}{}% 22
\BOOKMARK [1][-]{section.7}{\376\377\000C\000o\000n\000c\000l\000u\000s\000i\000o\000n}{}% 23
\BOOKMARK [1][-]{section*.2}{\376\377\000R\000e\000f\000e\000r\000e\000n\000c\000e\000s}{}% 24
