\BOOKMARK [1][-]{section.1}{\376\377\000A\000i\000m}{}% 1
\BOOKMARK [1][-]{section.2}{\376\377\000O\000b\000j\000e\000c\000t\000i\000v\000e\000s}{}% 2
\BOOKMARK [1][-]{section.3}{\376\377\000T\000h\000e\000o\000r\000y}{}% 3
\BOOKMARK [2][-]{subsection.3.1}{\376\377\000C\000l\000o\000u\000d}{section.3}% 4
\BOOKMARK [2][-]{subsection.3.2}{\376\377\000N\000e\000e\000d\000\040\000f\000o\000r\000\040\000C\000l\000o\000u\000d}{section.3}% 5
\BOOKMARK [1][-]{section.4}{\376\377\000C\000l\000o\000u\000d\000\040\000V\000e\000n\000d\000o\000r\000s}{}% 6
\BOOKMARK [1][-]{section.5}{\376\377\000C\000l\000o\000u\000d\000\040\000S\000e\000r\000v\000i\000c\000e\000s}{}% 7
\BOOKMARK [2][-]{subsection.5.1}{\376\377\000I\000n\000f\000r\000a\000s\000t\000r\000u\000c\000t\000u\000r\000e\000\040\000a\000s\000\040\000a\000\040\000S\000e\000r\000v\000i\000c\000e\000\040\000\050\000I\000a\000a\000S\000\051}{section.5}% 8
\BOOKMARK [2][-]{subsection.5.2}{\376\377\000P\000l\000a\000t\000f\000o\000r\000m\000\040\000a\000s\000\040\000a\000\040\000S\000e\000r\000v\000i\000c\000e\000\040\000\050\000P\000a\000a\000S\000\051}{section.5}% 9
\BOOKMARK [2][-]{subsection.5.3}{\376\377\000S\000o\000f\000t\000w\000a\000r\000e\000\040\000a\000s\000\040\000a\000\040\000S\000e\000r\000v\000i\000c\000e\000\040\000\050\000S\000a\000a\000S\000\051}{section.5}% 10
\BOOKMARK [1][-]{section.6}{\376\377\000V\000i\000r\000t\000u\000a\000l\000i\000z\000a\000t\000i\000o\000n}{}% 11
\BOOKMARK [2][-]{subsection.6.1}{\376\377\000N\000e\000e\000d\000\040\000f\000o\000r\000\040\000V\000i\000r\000t\000u\000a\000l\000i\000z\000a\000t\000i\000o\000n}{section.6}% 12
\BOOKMARK [2][-]{subsection.6.2}{\376\377\000P\000r\000o\000s\000\040\000a\000n\000d\000\040\000C\000o\000n\000s\000\040\000o\000f\000\040\000V\000i\000r\000t\000u\000a\000l\000i\000z\000a\000t\000i\000o\000n}{section.6}% 13
\BOOKMARK [1][-]{section.7}{\376\377\000C\000o\000m\000p\000a\000r\000a\000t\000i\000v\000e\000\040\000S\000t\000u\000d\000y\000\040\000o\000f\000\040\000C\000l\000o\000u\000d\000\040\000V\000e\000n\000d\000o\000r\000s}{}% 14
\BOOKMARK [2][-]{subsection.7.1}{\376\377\000A\000m\000a\000z\000o\000n\000\040\000W\000e\000b\000\040\000S\000e\000r\000v\000i\000c\000e\000s\000\040\000\050\000A\000W\000S\000\051}{section.7}% 15
\BOOKMARK [2][-]{subsection.7.2}{\376\377\000M\000i\000c\000r\000o\000s\000o\000f\000t\000\040\000A\000z\000u\000r\000e}{section.7}% 16
\BOOKMARK [2][-]{subsection.7.3}{\376\377\000G\000o\000o\000g\000l\000e\000\040\000C\000l\000o\000u\000d\000\040\000P\000l\000a\000t\000f\000o\000r\000m\000\040\000\050\000G\000C\000P\000\051}{section.7}% 17
\BOOKMARK [1][-]{section.8}{\376\377\000P\000l\000a\000t\000f\000o\000r\000m}{}% 18
\BOOKMARK [1][-]{section.9}{\376\377\000C\000o\000n\000c\000l\000u\000s\000i\000o\000n}{}% 19
\BOOKMARK [1][-]{section*.2}{\376\377\000R\000e\000f\000e\000r\000e\000n\000c\000e\000s}{}% 20
