\BOOKMARK [1][-]{section.1}{\376\377\000A\000i\000m}{}% 1
\BOOKMARK [1][-]{section.2}{\376\377\000O\000b\000j\000e\000c\000t\000i\000v\000e\000s}{}% 2
\BOOKMARK [1][-]{section.3}{\376\377\000T\000h\000e\000o\000r\000y}{}% 3
\BOOKMARK [2][-]{subsection.3.1}{\376\377\000R\000o\000u\000t\000e\000r}{section.3}% 4
\BOOKMARK [2][-]{subsection.3.2}{\376\377\000R\000o\000u\000t\000e\000r\000\040\000L\000o\000g\000s}{section.3}% 5
\BOOKMARK [2][-]{subsection.3.3}{\376\377\000A\000t\000t\000a\000c\000k\000s\000\040\000S\000i\000m\000u\000l\000a\000t\000e\000d}{section.3}% 6
\BOOKMARK [1][-]{section.4}{\376\377\000A\000n\000a\000l\000y\000s\000i\000s}{}% 7
\BOOKMARK [2][-]{subsection.4.1}{\376\377\000N\000o\000r\000m\000a\000l\000\040\000U\000s\000a\000g\000e\000\040\000D\000a\000t\000a}{section.4}% 8
\BOOKMARK [3][-]{subsubsection.4.1.1}{\376\377\000I\000n\000t\000e\000r\000f\000a\000c\000e\000\040\000U\000s\000a\000g\000e\000\040\000-\000\040\000N\000o\000r\000m\000a\000l\000\040\000U\000s\000a\000g\000e}{subsection.4.1}% 9
\BOOKMARK [2][-]{subsection.4.2}{\376\377\000D\000O\000S\000\040\000A\000t\000t\000a\000c\000k\000\040\000D\000a\000t\000a}{section.4}% 10
\BOOKMARK [3][-]{subsubsection.4.2.1}{\376\377\000D\000e\000v\000i\000c\000e\000s\000\040\000C\000o\000n\000n\000e\000c\000t\000e\000d\000\040\000-\000\040\000N\000o\000r\000m\000a\000l\000\040\000U\000s\000a\000g\000e}{subsection.4.2}% 11
\BOOKMARK [3][-]{subsubsection.4.2.2}{\376\377\000I\000P\000\040\000A\000d\000d\000r\000e\000s\000s\000e\000s\000\040\000C\000o\000n\000n\000e\000c\000t\000e\000d\000\040\000-\000\040\000D\000O\000S\000\040\000A\000t\000t\000a\000c\000k}{subsection.4.2}% 12
\BOOKMARK [3][-]{subsubsection.4.2.3}{\376\377\000H\000o\000u\000r\000l\000y\000\040\000U\000s\000a\000g\000e\000\040\000-\000\040\000N\000o\000r\000m\000a\000l\000\040\000U\000s\000a\000g\000e}{subsection.4.2}% 13
\BOOKMARK [3][-]{subsubsection.4.2.4}{\376\377\000H\000o\000u\000r\000l\000y\000\040\000U\000s\000a\000g\000e\000\040\000-\000\040\000N\000o\000r\000m\000a\000l\000\040\000U\000s\000a\000g\000e}{subsection.4.2}% 14
\BOOKMARK [3][-]{subsubsection.4.2.5}{\376\377\000P\000r\000o\000t\000o\000c\000o\000l\000s\000\040\000U\000s\000e\000d\000\040\000-\000\040\000N\000o\000r\000m\000a\000l\000\040\000U\000s\000a\000g\000e}{subsection.4.2}% 15
\BOOKMARK [3][-]{subsubsection.4.2.6}{\376\377\000P\000r\000o\000t\000o\000c\000o\000l\000\040\000U\000s\000a\000g\000e\000\040\000-\000\040\000D\000O\000S\000\040\000A\000t\000t\000a\000c\000k}{subsection.4.2}% 16
\BOOKMARK [3][-]{subsubsection.4.2.7}{\376\377\000D\000a\000i\000l\000y\000\040\000U\000s\000a\000g\000e\000\040\000-\000\040\000N\000o\000r\000m\000a\000l\000\040\000U\000s\000a\000g\000e}{subsection.4.2}% 17
\BOOKMARK [3][-]{subsubsection.4.2.8}{\376\377\000D\000a\000i\000l\000y\000\040\000U\000s\000a\000g\000e\000\040\000-\000\040\000D\000O\000S\000\040\000A\000t\000t\000a\000c\000k}{subsection.4.2}% 18
\BOOKMARK [2][-]{subsection.4.3}{\376\377\000B\000r\000u\000t\000e\000\040\000F\000o\000r\000c\000e\000\040\000A\000t\000t\000a\000c\000k\000\040\000D\000a\000t\000a}{section.4}% 19
\BOOKMARK [3][-]{subsubsection.4.3.1}{\376\377\000H\000o\000u\000r\000l\000y\000\040\000U\000s\000a\000g\000e\000\040\000-\000\040\000N\000o\000r\000m\000a\000l\000\040\000U\000s\000a\000g\000e}{subsection.4.3}% 20
\BOOKMARK [3][-]{subsubsection.4.3.2}{\376\377\000H\000o\000u\000r\000l\000y\000\040\000U\000s\000a\000g\000e\000\040\000-\000\040\000B\000r\000u\000t\000e\000\040\000F\000o\000r\000c\000e\000\040\000A\000t\000t\000a\000c\000k}{subsection.4.3}% 21
\BOOKMARK [3][-]{subsubsection.4.3.3}{\376\377\000D\000a\000i\000l\000y\000\040\000U\000s\000a\000g\000e\000\040\000-\000\040\000N\000o\000r\000m\000a\000l\000\040\000U\000s\000a\000g\000e}{subsection.4.3}% 22
\BOOKMARK [3][-]{subsubsection.4.3.4}{\376\377\000D\000a\000i\000l\000y\000\040\000U\000s\000a\000g\000e\000\040\000-\000\040\000B\000r\000u\000t\000e\000\040\000F\000o\000r\000c\000e\000\040\000A\000t\000t\000a\000c\000k}{subsection.4.3}% 23
\BOOKMARK [3][-]{subsubsection.4.3.5}{\376\377\000W\000e\000b\000s\000i\000t\000e\000s\000\040\000V\000i\000s\000i\000t\000e\000d\000\040\000-\000\040\000N\000o\000r\000m\000a\000l\000\040\000U\000s\000a\000g\000e}{subsection.4.3}% 24
\BOOKMARK [3][-]{subsubsection.4.3.6}{\376\377\000W\000e\000b\000s\000i\000t\000e\000s\000\040\000V\000i\000s\000i\000t\000e\000d\000\040\000-\000\040\000B\000r\000u\000t\000e\000\040\000F\000o\000r\000c\000e\000\040\000A\000t\000t\000a\000c\000k}{subsection.4.3}% 25
\BOOKMARK [2][-]{subsection.4.4}{\376\377\000P\000o\000r\000t\000\040\000S\000c\000a\000n\000n\000i\000n\000g\000\040\000D\000a\000t\000a}{section.4}% 26
\BOOKMARK [3][-]{subsubsection.4.4.1}{\376\377\000P\000o\000r\000t\000s\000\040\000U\000s\000e\000d\000\040\000-\000\040\000N\000o\000r\000m\000a\000l\000\040\000U\000s\000a\000g\000e}{subsection.4.4}% 27
\BOOKMARK [3][-]{subsubsection.4.4.2}{\376\377\000P\000o\000r\000t\000\040\000U\000s\000a\000g\000e\000\040\000-\000\040\000P\000o\000r\000t\000\040\000S\000c\000a\000n\000n\000i\000n\000g\000\040\000A\000t\000t\000a\000c\000k}{subsection.4.4}% 28
\BOOKMARK [3][-]{subsubsection.4.4.3}{\376\377\000D\000a\000i\000l\000y\000\040\000U\000s\000a\000g\000e\000\040\000-\000\040\000N\000o\000r\000m\000a\000l\000\040\000U\000s\000a\000g\000e}{subsection.4.4}% 29
\BOOKMARK [3][-]{subsubsection.4.4.4}{\376\377\000D\000a\000i\000l\000y\000\040\000U\000s\000a\000g\000e\000\040\000-\000\040\000P\000o\000r\000t\000\040\000S\000c\000a\000n\000n\000i\000n\000g\000\040\000A\000t\000t\000a\000c\000k}{subsection.4.4}% 30
\BOOKMARK [1][-]{section.5}{\376\377\000P\000l\000a\000t\000f\000o\000r\000m}{}% 31
\BOOKMARK [1][-]{section.6}{\376\377\000C\000o\000d\000e}{}% 32
\BOOKMARK [2][-]{subsection.6.1}{\376\377\000S\000i\000m\000u\000l\000a\000t\000i\000n\000g\000\040\000v\000a\000r\000i\000o\000u\000s\000\040\000A\000t\000t\000a\000c\000k\000s\000\040\000o\000n\000\040\000a\000\040\000H\000o\000u\000s\000e\000h\000o\000l\000d\000\040\000r\000o\000u\000t\000e\000r\000\040\000n\000e\000t\000w\000o\000r\000k\000.}{section.6}% 33
\BOOKMARK [2][-]{subsection.6.2}{\376\377\000S\000t\000r\000a\000t\000e\000g\000y}{section.6}% 34
\BOOKMARK [1][-]{section.7}{\376\377\000G\000e\000n\000e\000r\000a\000t\000i\000n\000g\000\040\000n\000o\000r\000m\000a\000l\000\040\000d\000e\000m\000o\000\040\000d\000a\000t\000a}{}% 35
\BOOKMARK [1][-]{section.8}{\376\377\000L\000e\000t\000\040\000u\000s\000\040\000n\000o\000w\000\040\000s\000i\000m\000u\000l\000a\000t\000e\000\040\000s\000o\000m\000e\000\040\000a\000t\000t\000a\000c\000k\000s}{}% 36
\BOOKMARK [2][-]{subsection.8.1}{\376\377\000D\000O\000S\000\040\000A\000t\000t\000a\000c\000k}{section.8}% 37
\BOOKMARK [2][-]{subsection.8.2}{\376\377\000H\000o\000u\000r\000l\000y\000\040\000T\000r\000a\000f\000f\000i\000c\000\040\000D\000i\000s\000t\000r\000i\000b\000u\000t\000i\000o\000n\000\040\000o\000f\000\040\000t\000h\000e\000\040\000H\000o\000u\000s\000e\000h\000o\000l\000d\000\040\000-\000\040\000D\000D\000o\000S\000\040\000A\000t\000t\000a\000c\000k\000\040\000D\000e\000m\000o}{section.8}% 38
\BOOKMARK [2][-]{subsection.8.3}{\376\377\000I\000n\000s\000t\000a\000g\000r\000a\000m\000\040\000A\000c\000c\000o\000u\000n\000t\000\040\000B\000r\000u\000t\000e\000\040\000F\000o\000r\000c\000e\000\040\000A\000t\000t\000a\000c\000k}{section.8}% 39
\BOOKMARK [2][-]{subsection.8.4}{\376\377\000P\000o\000r\000t\000\040\000S\000c\000a\000n\000n\000i\000n\000g}{section.8}% 40
\BOOKMARK [1][-]{section.9}{\376\377\000C\000o\000n\000c\000l\000u\000s\000i\000o\000n}{}% 41
\BOOKMARK [1][-]{section*.21}{\376\377\000R\000e\000f\000e\000r\000e\000n\000c\000e\000s}{}% 42
