\BOOKMARK [1][-]{section.1}{\376\377\000S\000i\000m\000u\000l\000a\000t\000i\000n\000g\000\040\000v\000a\000r\000i\000o\000u\000s\000\040\000A\000t\000t\000a\000c\000k\000s\000\040\000o\000n\000\040\000a\000\040\000H\000o\000u\000s\000e\000h\000o\000l\000d\000\040\000r\000o\000u\000t\000e\000r\000\040\000n\000e\000t\000w\000o\000r\000k\000.}{}% 1
\BOOKMARK [2][-]{subsection.1.1}{\376\377\000S\000t\000r\000a\000t\000e\000g\000y}{section.1}% 2
\BOOKMARK [1][-]{section.2}{\376\377\000G\000e\000n\000e\000r\000a\000t\000i\000n\000g\000\040\000n\000o\000r\000m\000a\000l\000\040\000d\000e\000m\000o\000\040\000d\000a\000t\000a}{}% 3
\BOOKMARK [2][-]{subsection.2.1}{\376\377\000P\000l\000o\000t\000t\000i\000n\000g\000\040\000N\000u\000m\000b\000e\000r\000\040\000o\000f\000\040\000R\000e\000q\000u\000e\000s\000t\000s\000\040\000d\000a\000i\000l\000y\000.}{section.2}% 4
\BOOKMARK [2][-]{subsection.2.2}{\376\377\000L\000e\000t\000\040\000u\000s\000\040\000n\000o\000w\000\040\000p\000l\000o\000t\000\040\000t\000h\000e\000\040\000n\000u\000m\000b\000e\000r\000\040\000o\000f\000\040\000r\000e\000q\000u\000e\000s\000t\000s\000\040\000p\000e\000r\000\040\000d\000e\000v\000i\000c\000e}{section.2}% 5
\BOOKMARK [2][-]{subsection.2.3}{\376\377\000P\000l\000o\000t\000t\000i\000n\000g\000\040\000R\000e\000q\000u\000e\000s\000t\000s\000\040\000p\000e\000r\000\040\000i\000n\000t\000e\000r\000f\000a\000c\000e\000.}{section.2}% 6
\BOOKMARK [2][-]{subsection.2.4}{\376\377\000W\000e\000b\000s\000i\000t\000e\000s\000\040\000v\000i\000s\000i\000t\000e\000d\000\040\000b\000y\000\040\000t\000h\000e\000\040\000H\000o\000u\000s\000e\000h\000o\000l\000d}{section.2}% 7
\BOOKMARK [1][-]{section.3}{\376\377\000P\000l\000o\000t\000t\000i\000n\000g\000\040\000P\000r\000o\000t\000o\000c\000o\000l\000s}{}% 8
\BOOKMARK [1][-]{section.4}{\376\377\000H\000o\000u\000r\000l\000y\000\040\000T\000r\000a\000f\000f\000i\000c\000\040\000o\000f\000\040\000t\000h\000e\000\040\000H\000o\000u\000s\000e\000h\000o\000l\000d}{}% 9
\BOOKMARK [2][-]{subsection.4.1}{\376\377\000P\000l\000o\000t\000t\000i\000n\000g\000\040\000P\000o\000r\000t\000s}{section.4}% 10
\BOOKMARK [1][-]{section.5}{\376\377\000L\000e\000t\000\040\000u\000s\000\040\000n\000o\000w\000\040\000s\000i\000m\000u\000l\000a\000t\000e\000\040\000s\000o\000m\000e\000\040\000a\000t\000t\000a\000c\000k\000s}{}% 11
\BOOKMARK [2][-]{subsection.5.1}{\376\377\000D\000O\000S\000\040\000A\000t\000t\000a\000c\000k}{section.5}% 12
\BOOKMARK [2][-]{subsection.5.2}{\376\377\000H\000o\000u\000r\000l\000y\000\040\000T\000r\000a\000f\000f\000i\000c\000\040\000D\000i\000s\000t\000r\000i\000b\000u\000t\000i\000o\000n\000\040\000o\000f\000\040\000t\000h\000e\000\040\000H\000o\000u\000s\000e\000h\000o\000l\000d\000\040\000-\000\040\000D\000D\000o\000S\000\040\000A\000t\000t\000a\000c\000k\000\040\000D\000e\000m\000o}{section.5}% 13
\BOOKMARK [2][-]{subsection.5.3}{\376\377\000P\000r\000o\000t\000o\000c\000o\000l\000s\000\040\000u\000s\000e\000d\000\040\000b\000y\000\040\000t\000h\000e\000\040\000H\000o\000u\000s\000e\000h\000o\000l\000d\000\040\000-\000\040\000D\000D\000o\000S\000\040\000A\000t\000t\000a\000c\000k\000\040\000D\000e\000m\000o}{section.5}% 14
\BOOKMARK [2][-]{subsection.5.4}{\376\377\000D\000a\000i\000l\000y\000\040\000T\000r\000a\000f\000f\000i\000c\000\040\000D\000i\000s\000t\000r\000i\000b\000u\000t\000i\000o\000n\000\040\000o\000f\000\040\000t\000h\000e\000\040\000H\000o\000u\000s\000e\000h\000o\000l\000d\000\040\000-\000\040\000D\000D\000o\000S\000\040\000A\000t\000t\000a\000c\000k\000\040\000D\000e\000m\000o}{section.5}% 15
\BOOKMARK [2][-]{subsection.5.5}{\376\377\000l\000e\000t\000\040\000u\000s\000\040\000n\000o\000w\000\040\000p\000l\000o\000t\000\040\000t\000h\000e\000\040\000n\000u\000m\000b\000e\000r\000\040\000o\000f\000\040\000r\000e\000q\000u\000e\000s\000t\000s\000\040\000p\000e\000r\000\040\000d\000e\000v\000i\000c\000e\000\040\000I\000P}{section.5}% 16
\BOOKMARK [2][-]{subsection.5.6}{\376\377\000I\000n\000s\000t\000a\000g\000r\000a\000m\000\040\000A\000c\000c\000o\000u\000n\000t\000\040\000B\000r\000u\000t\000e\000\040\000F\000o\000r\000c\000e\000\040\000A\000t\000t\000a\000c\000k}{section.5}% 17
\BOOKMARK [2][-]{subsection.5.7}{\376\377\000H\000o\000u\000r\000l\000y\000\040\000T\000r\000a\000f\000f\000i\000c\000\040\000D\000i\000s\000t\000r\000i\000b\000u\000t\000i\000o\000n\000\040\000o\000f\000\040\000t\000h\000e\000\040\000H\000o\000u\000s\000e\000h\000o\000l\000d\000\040\000-\000\040\000I\000n\000s\000t\000a\000\040\000B\000r\000u\000t\000e\000\040\000F\000o\000r\000c\000e\000\040\000A\000t\000t\000a\000c\000k}{section.5}% 18
\BOOKMARK [2][-]{subsection.5.8}{\376\377\000D\000a\000i\000l\000y\000\040\000R\000e\000q\000u\000e\000s\000t\000s}{section.5}% 19
\BOOKMARK [2][-]{subsection.5.9}{\376\377\000P\000l\000o\000t\000t\000i\000n\000g\000\040\000V\000i\000s\000i\000t\000e\000d\000\040\000W\000e\000b\000s\000i\000t\000e}{section.5}% 20
\BOOKMARK [2][-]{subsection.5.10}{\376\377\000P\000o\000r\000t\000\040\000S\000c\000a\000n\000n\000i\000n\000g}{section.5}% 21
\BOOKMARK [2][-]{subsection.5.11}{\376\377\000P\000l\000o\000t\000t\000i\000n\000g\000\040\000P\000o\000r\000t\000s}{section.5}% 22
\BOOKMARK [1][-]{section.6}{\376\377\000P\000l\000o\000t\000t\000i\000n\000g\000\040\000D\000a\000i\000l\000y\000\040\000T\000r\000a\000f\000f\000i\000c}{}% 23
