\BOOKMARK [1][-]{section.1}{\376\377\000A\000i\000m}{}% 1
\BOOKMARK [1][-]{section.2}{\376\377\000O\000b\000j\000e\000c\000t\000i\000v\000e\000s}{}% 2
\BOOKMARK [1][-]{section.3}{\376\377\000T\000h\000e\000o\000r\000y}{}% 3
\BOOKMARK [2][-]{subsection.3.1}{\376\377\000E\000m\000a\000i\000l\000\040\000C\000l\000i\000e\000n\000t\000s}{section.3}% 4
\BOOKMARK [2][-]{subsection.3.2}{\376\377\000E\000m\000a\000i\000l\000\040\000H\000e\000a\000d\000e\000r\000s}{section.3}% 5
\BOOKMARK [2][-]{subsection.3.3}{\376\377\000T\000y\000p\000e\000s\000\040\000o\000f\000\040\000E\000m\000a\000i\000l\000\040\000H\000e\000a\000d\000e\000r\000s}{section.3}% 6
\BOOKMARK [2][-]{subsection.3.4}{\376\377\000E\000m\000a\000i\000l\000\040\000H\000e\000a\000d\000e\000r\000\040\000A\000n\000a\000l\000y\000s\000i\000s}{section.3}% 7
\BOOKMARK [1][-]{section.4}{\376\377\000P\000l\000a\000t\000f\000o\000r\000m}{}% 8
\BOOKMARK [1][-]{section.5}{\376\377\000A\000n\000a\000l\000y\000s\000i\000s}{}% 9
\BOOKMARK [2][-]{subsection.5.1}{\376\377\000D\000o\000w\000n\000l\000o\000a\000d\000i\000n\000g\000\040\000E\000m\000a\000i\000l\000\040\000H\000e\000a\000d\000e\000r\000s}{section.5}% 10
\BOOKMARK [3][-]{subsubsection.5.1.1}{\376\377\000M\000I\000M\000E\000-\000V\000e\000r\000s\000i\000o\000n}{subsection.5.1}% 11
\BOOKMARK [3][-]{subsubsection.5.1.2}{\376\377\000R\000e\000c\000e\000i\000v\000e\000d}{subsection.5.1}% 12
\BOOKMARK [3][-]{subsubsection.5.1.3}{\376\377\000A\000R\000C\000-\000S\000e\000a\000l}{subsection.5.1}% 13
\BOOKMARK [3][-]{subsubsection.5.1.4}{\376\377\000A\000R\000C\000-\000M\000e\000s\000s\000a\000g\000e\000-\000S\000i\000g\000n\000a\000t\000u\000r\000e}{subsection.5.1}% 14
\BOOKMARK [3][-]{subsubsection.5.1.5}{\376\377\000A\000R\000C\000-\000A\000u\000t\000h\000e\000n\000t\000i\000c\000a\000t\000i\000o\000n\000-\000R\000e\000s\000u\000l\000t\000s}{subsection.5.1}% 15
\BOOKMARK [3][-]{subsubsection.5.1.6}{\376\377\000D\000K\000I\000M\000-\000S\000i\000g\000n\000a\000t\000u\000r\000e}{subsection.5.1}% 16
\BOOKMARK [3][-]{subsubsection.5.1.7}{\376\377\000F\000r\000o\000m}{subsection.5.1}% 17
\BOOKMARK [3][-]{subsubsection.5.1.8}{\376\377\000T\000o}{subsection.5.1}% 18
\BOOKMARK [3][-]{subsubsection.5.1.9}{\376\377\000S\000u\000b\000j\000e\000c\000t}{subsection.5.1}% 19
\BOOKMARK [3][-]{subsubsection.5.1.10}{\376\377\000D\000a\000t\000e}{subsection.5.1}% 20
\BOOKMARK [3][-]{subsubsection.5.1.11}{\376\377\000M\000e\000s\000s\000a\000g\000e\000-\000I\000D}{subsection.5.1}% 21
\BOOKMARK [3][-]{subsubsection.5.1.12}{\376\377\000C\000o\000n\000t\000e\000n\000t\000-\000T\000y\000p\000e}{subsection.5.1}% 22
\BOOKMARK [3][-]{subsubsection.5.1.13}{\376\377\000R\000e\000t\000u\000r\000n\000-\000P\000a\000t\000h}{subsection.5.1}% 23
\BOOKMARK [3][-]{subsubsection.5.1.14}{\376\377\000X\000-\000S\000e\000n\000d\000e\000r\000-\000I\000P}{subsection.5.1}% 24
\BOOKMARK [3][-]{subsubsection.5.1.15}{\376\377\000X\000-\000M\000S\000-\000E\000x\000c\000h\000a\000n\000g\000e\000-\000T\000r\000a\000n\000s\000p\000o\000r\000t\000-\000E\000n\000d\000T\000o\000E\000n\000d\000L\000a\000t\000e\000n\000c\000y}{subsection.5.1}% 25
\BOOKMARK [3][-]{subsubsection.5.1.16}{\376\377\000X\000-\000M\000i\000c\000r\000o\000s\000o\000f\000t\000-\000A\000n\000t\000i\000s\000p\000a\000m\000-\000M\000a\000i\000l\000b\000o\000x\000-\000D\000e\000l\000i\000v\000e\000r\000y}{subsection.5.1}% 26
\BOOKMARK [3][-]{subsubsection.5.1.17}{\376\377\000X\000-\000M\000e\000s\000s\000a\000g\000e\000-\000I\000n\000f\000o\000\040\000a\000n\000d\000\040\000X\000-\000M\000e\000s\000s\000a\000g\000e\000-\000D\000e\000l\000i\000v\000e\000r\000y}{subsection.5.1}% 27
\BOOKMARK [1][-]{section.6}{\376\377\000A\000n\000a\000l\000y\000s\000i\000n\000g\000\040\000E\000f\000f\000e\000c\000t\000\040\000o\000f\000\040\000N\000e\000t\000w\000o\000r\000k\000\040\000C\000o\000n\000n\000e\000c\000t\000i\000o\000n\000\040\000o\000n\000\040\000I\000P\000\040\000H\000e\000a\000d\000e\000r\000s}{}% 28
\BOOKMARK [2][-]{subsection.6.1}{\376\377\000U\000s\000i\000n\000g\000\040\000V\000P\000N}{section.6}% 29
\BOOKMARK [2][-]{subsection.6.2}{\376\377\000W\000i\000t\000h\000o\000u\000t\000\040\000u\000s\000i\000n\000g\000\040\000V\000P\000N\000,\000\040\000o\000n\000\040\000W\000i\000f\000i}{section.6}% 30
\BOOKMARK [2][-]{subsection.6.3}{\376\377\000W\000i\000t\000h\000o\000u\000t\000\040\000u\000s\000i\000n\000g\000\040\000V\000P\000N\000,\000\040\000o\000n\000\040\000M\000o\000b\000i\000l\000e\000\040\000D\000a\000t\000a}{section.6}% 31
\BOOKMARK [1][-]{section.7}{\376\377\000C\000o\000n\000c\000l\000u\000s\000i\000o\000n}{}% 32
\BOOKMARK [1][-]{section*.12}{\376\377\000R\000e\000f\000e\000r\000e\000n\000c\000e\000s}{}% 33
